#
# There is insufficient memory for the Java Runtime Environment to continue.
# Native memory allocation (malloc) failed to allocate 1103360 bytes. Error detail: Chunk::new
# Possible reasons:
#   The system is out of physical RAM or swap space
#   This process is running with CompressedOops enabled, and the Java Heap may be blocking the growth of the native heap
# Possible solutions:
#   Reduce memory load on the system
#   Increase physical memory or swap space
#   Check if swap backing store is full
#   Decrease Java heap size (-Xmx/-Xms)
#   Decrease number of Java threads
#   Decrease Java thread stack sizes (-Xss)
#   Set larger code cache with -XX:ReservedCodeCacheSize=
#   JVM is running with Unscaled Compressed Oops mode in which the Java heap is
#     placed in the first 4GB address space. The Java Heap base address is the
#     maximum limit for the native heap growth. Please use -XX:HeapBaseMinAddress
#     to set the Java Heap base and to place the Java Heap above 4GB virtual address.
# This output file may be truncated or incomplete.
#
#  Out of Memory Error (arena.cpp:150), pid=10588, tid=5852
#
# JRE version: OpenJDK Runtime Environment Temurin-22.0.1+8 (22.0.1+8) (build 22.0.1+8)
# Java VM: OpenJDK 64-Bit Server VM Temurin-22.0.1+8 (22.0.1+8, mixed mode, tiered, compressed oops, compressed class ptrs, g1 gc, windows-amd64)
# No core dump will be written. Minidumps are not enabled by default on client versions of Windows
#

---------------  S U M M A R Y ------------

Command Line: -Dfile.encoding=UTF-8 -Dstdout.encoding=UTF-8 -Dstderr.encoding=UTF-8 -XX:+ShowCodeDetailsInExceptionMessages com.example.inventory.InventoryApplication

Host: Intel(R) Core(TM) i5-8300H CPU @ 2.30GHz, 8 cores, 7G,  Windows 11 , 64 bit Build 26100 (10.0.26100.4202)
Time: Mon Jun 30 12:43:40 2025 India Standard Time elapsed time: 9.913165 seconds (0d 0h 0m 9s)

---------------  T H R E A D  ---------------

Current thread (0x000001f27d31ba10):  JavaThread "C2 CompilerThread1" daemon [_thread_in_native, id=5852, stack(0x0000000f01600000,0x0000000f01700000) (1024K)]


Current CompileTask:
C2:9913 1482       4       org.springframework.boot.context.config.ConfigDataEnvironmentContributor$ContributorIterator::fetchIfNecessary (153 bytes)

Stack: [0x0000000f01600000,0x0000000f01700000]
Native frames: (J=compiled Java code, j=interpreted, Vv=VM code, C=native code)
V  [jvm.dll+0x6ea239]  (no source info available)
V  [jvm.dll+0x8ccf93]  (no source info available)
V  [jvm.dll+0x8cf3be]  (no source info available)
V  [jvm.dll+0x8cfa93]  (no source info available)
V  [jvm.dll+0x286ea6]  (no source info available)
V  [jvm.dll+0xc3b8f]  (no source info available)
V  [jvm.dll+0xc3deb]  (no source info available)
V  [jvm.dll+0x3c16bc]  (no source info available)
V  [jvm.dll+0x38e26b]  (no source info available)
V  [jvm.dll+0x38d6ca]  (no source info available)
V  [jvm.dll+0x24deb8]  (no source info available)
V  [jvm.dll+0x24d55f]  (no source info available)
V  [jvm.dll+0x1cad00]  (no source info available)
V  [jvm.dll+0x25d41b]  (no source info available)
V  [jvm.dll+0x25b6ea]  (no source info available)
V  [jvm.dll+0x3fbbb6]  (no source info available)
V  [jvm.dll+0x87538b]  (no source info available)
V  [jvm.dll+0x6e8935]  (no source info available)
C  [ucrtbase.dll+0x37b0]  (no source info available)
C  [KERNEL32.DLL+0x2e8d7]  (no source info available)
C  [ntdll.dll+0x3c34c]  (no source info available)


---------------  P R O C E S S  ---------------

Threads class SMR info:
_java_thread_list=0x000001f27d51fe20, length=12, elements={
0x000001f263d2b680, 0x000001f27c5b6000, 0x000001f27c5b8480, 0x000001f27c5a45f0,
0x000001f27c5a5050, 0x000001f27c597690, 0x000001f27c5d6f50, 0x000001f27c5dbb70,
0x000001f27c5e1940, 0x000001f27c77e2c0, 0x000001f27c790560, 0x000001f27d31ba10
}

Java Threads: ( => current thread )
  0x000001f263d2b680 JavaThread "main"                              [_thread_in_vm, id=18856, stack(0x0000000f00400000,0x0000000f00500000) (1024K)]
  0x000001f27c5b6000 JavaThread "Reference Handler"          daemon [_thread_blocked, id=17452, stack(0x0000000f00c00000,0x0000000f00d00000) (1024K)]
  0x000001f27c5b8480 JavaThread "Finalizer"                  daemon [_thread_blocked, id=5988, stack(0x0000000f00d00000,0x0000000f00e00000) (1024K)]
  0x000001f27c5a45f0 JavaThread "Signal Dispatcher"          daemon [_thread_blocked, id=8116, stack(0x0000000f00e00000,0x0000000f00f00000) (1024K)]
  0x000001f27c5a5050 JavaThread "Attach Listener"            daemon [_thread_blocked, id=13728, stack(0x0000000f00f00000,0x0000000f01000000) (1024K)]
  0x000001f27c597690 JavaThread "Service Thread"             daemon [_thread_blocked, id=17660, stack(0x0000000f01000000,0x0000000f01100000) (1024K)]
  0x000001f27c5d6f50 JavaThread "Monitor Deflation Thread"   daemon [_thread_blocked, id=7112, stack(0x0000000f01100000,0x0000000f01200000) (1024K)]
  0x000001f27c5dbb70 JavaThread "C2 CompilerThread0"         daemon [_thread_in_native, id=8580, stack(0x0000000f01200000,0x0000000f01300000) (1024K)]
  0x000001f27c5e1940 JavaThread "C1 CompilerThread0"         daemon [_thread_blocked, id=9800, stack(0x0000000f01300000,0x0000000f01400000) (1024K)]
  0x000001f27c77e2c0 JavaThread "Notification Thread"        daemon [_thread_blocked, id=8492, stack(0x0000000f01400000,0x0000000f01500000) (1024K)]
  0x000001f27c790560 JavaThread "Common-Cleaner"             daemon [_thread_blocked, id=11704, stack(0x0000000f01500000,0x0000000f01600000) (1024K)]
=>0x000001f27d31ba10 JavaThread "C2 CompilerThread1"         daemon [_thread_in_native, id=5852, stack(0x0000000f01600000,0x0000000f01700000) (1024K)]
Total: 12

Other Threads:
  0x000001f27c517490 VMThread "VM Thread"                           [id=17936, stack(0x0000000f00b00000,0x0000000f00c00000) (1024K)]
  0x000001f27be4acb0 WatcherThread "VM Periodic Task Thread"        [id=16072, stack(0x0000000f00a00000,0x0000000f00b00000) (1024K)]
  0x000001f263d83980 WorkerThread "GC Thread#0"                     [id=17100, stack(0x0000000f00500000,0x0000000f00600000) (1024K)]
  0x000001f27d53b520 WorkerThread "GC Thread#1"                     [id=6884, stack(0x0000000f01700000,0x0000000f01800000) (1024K)]
  0x000001f27d5eaac0 WorkerThread "GC Thread#2"                     [id=8000, stack(0x0000000f01800000,0x0000000f01900000) (1024K)]
  0x000001f27d6002c0 WorkerThread "GC Thread#3"                     [id=1116, stack(0x0000000f01900000,0x0000000f01a00000) (1024K)]
  0x000001f27d600670 WorkerThread "GC Thread#4"                     [id=10924, stack(0x0000000f01a00000,0x0000000f01b00000) (1024K)]
  0x000001f27d603240 WorkerThread "GC Thread#5"                     [id=14860, stack(0x0000000f01b00000,0x0000000f01c00000) (1024K)]
  0x000001f263d944b0 ConcurrentGCThread "G1 Main Marker"            [id=17748, stack(0x0000000f00600000,0x0000000f00700000) (1024K)]
  0x000001f263d96770 WorkerThread "G1 Conc#0"                       [id=4380, stack(0x0000000f00700000,0x0000000f00800000) (1024K)]
  0x000001f263dde950 ConcurrentGCThread "G1 Refine#0"               [id=13716, stack(0x0000000f00800000,0x0000000f00900000) (1024K)]
  0x000001f27bd1a400 ConcurrentGCThread "G1 Service"                [id=13052, stack(0x0000000f00900000,0x0000000f00a00000) (1024K)]
Total: 12

Threads with active compile tasks:
C2 CompilerThread0  12038 1502       4       org.springframework.boot.context.config.ConfigDataEnvironmentContributor$ContributorIterator::hasNext (13 bytes)
C2 CompilerThread1  12038 1482       4       org.springframework.boot.context.config.ConfigDataEnvironmentContributor$ContributorIterator::fetchIfNecessary (153 bytes)
Total: 2

VM state: not at safepoint (normal execution)

VM Mutex/Monitor currently owned by a thread:  ([mutex/lock_event])
[0x00007ff832dcdf28] Metaspace_lock - owner thread: 0x000001f263d2b680

Heap address: 0x0000000082600000, size: 2010 MB, Compressed Oops mode: 32-bit

CDS archive(s) not mapped
Compressed class space mapped at: 0x0000000026000000-0x0000000066000000, reserved size: 1073741824
Narrow klass base: 0x0000000000000000, Narrow klass shift: 0, Narrow klass range: 0x66000000

GC Precious Log:
 CardTable entry size: 512
 Card Set container configuration: InlinePtr #cards 5 size 8 Array Of Cards #cards 12 size 40 Howl #buckets 4 coarsen threshold 1843 Howl Bitmap #cards 512 size 80 coarsen threshold 460 Card regions per heap region 1 cards per card region 2048
 CPUs: 8 total, 8 available
 Memory: 8034M
 Large Page Support: Disabled
 NUMA Support: Disabled
 Compressed Oops: Enabled (32-bit)
 Heap Region Size: 1M
 Heap Min Capacity: 8M
 Heap Initial Capacity: 126M
 Heap Max Capacity: 2010M
 Pre-touch: Disabled
 Parallel Workers: 8
 Concurrent Workers: 2
 Concurrent Refinement Workers: 8
 Periodic GC: Disabled

Heap:
 garbage-first heap   total reserved 2058240K, committed 129024K, used 11477K [0x0000000082600000, 0x0000000100000000)
  region size 1024K, 7 young (7168K), 3 survivors (3072K)
 Metaspace       used 16111K, committed 16384K, reserved 1114112K
  class space    used 1664K, committed 1792K, reserved 1048576K

Heap Regions: E=young(eden), S=young(survivor), O=old, HS=humongous(starts), HC=humongous(continues), CS=collection set, F=free, TAMS=top-at-mark-start, PB=parsable bottom
|   0|0x0000000082600000, 0x0000000082700000, 0x0000000082700000|100%|HS|  |TAMS 0x0000000082600000| PB 0x0000000082600000| Complete |  0
|   1|0x0000000082700000, 0x0000000082800000, 0x0000000082800000|100%|HS|  |TAMS 0x0000000082700000| PB 0x0000000082700000| Complete |  0
|   2|0x0000000082800000, 0x0000000082900000, 0x0000000082900000|100%| O|  |TAMS 0x0000000082800000| PB 0x0000000082800000| Untracked |  0
|   3|0x0000000082900000, 0x0000000082a00000, 0x0000000082a00000|100%| O|  |TAMS 0x0000000082900000| PB 0x0000000082900000| Untracked |  0
|   4|0x0000000082a00000, 0x0000000082b00000, 0x0000000082b00000|100%| O|  |TAMS 0x0000000082a00000| PB 0x0000000082a00000| Untracked |  0
|   5|0x0000000082b00000, 0x0000000082b35520, 0x0000000082c00000| 20%| O|  |TAMS 0x0000000082b00000| PB 0x0000000082b00000| Untracked |  0
|   6|0x0000000082c00000, 0x0000000082c00000, 0x0000000082d00000|  0%| F|  |TAMS 0x0000000082c00000| PB 0x0000000082c00000| Untracked |  0
|   7|0x0000000082d00000, 0x0000000082d00000, 0x0000000082e00000|  0%| F|  |TAMS 0x0000000082d00000| PB 0x0000000082d00000| Untracked |  0
|   8|0x0000000082e00000, 0x0000000082e00000, 0x0000000082f00000|  0%| F|  |TAMS 0x0000000082e00000| PB 0x0000000082e00000| Untracked |  0
|   9|0x0000000082f00000, 0x0000000082f00000, 0x0000000083000000|  0%| F|  |TAMS 0x0000000082f00000| PB 0x0000000082f00000| Untracked |  0
|  10|0x0000000083000000, 0x0000000083000000, 0x0000000083100000|  0%| F|  |TAMS 0x0000000083000000| PB 0x0000000083000000| Untracked |  0
|  11|0x0000000083100000, 0x0000000083100000, 0x0000000083200000|  0%| F|  |TAMS 0x0000000083100000| PB 0x0000000083100000| Untracked |  0
|  12|0x0000000083200000, 0x0000000083200000, 0x0000000083300000|  0%| F|  |TAMS 0x0000000083200000| PB 0x0000000083200000| Untracked |  0
|  13|0x0000000083300000, 0x0000000083300000, 0x0000000083400000|  0%| F|  |TAMS 0x0000000083300000| PB 0x0000000083300000| Untracked |  0
|  14|0x0000000083400000, 0x0000000083400000, 0x0000000083500000|  0%| F|  |TAMS 0x0000000083400000| PB 0x0000000083400000| Untracked |  0
|  15|0x0000000083500000, 0x0000000083500000, 0x0000000083600000|  0%| F|  |TAMS 0x0000000083500000| PB 0x0000000083500000| Untracked |  0
|  16|0x0000000083600000, 0x0000000083600000, 0x0000000083700000|  0%| F|  |TAMS 0x0000000083600000| PB 0x0000000083600000| Untracked |  0
|  17|0x0000000083700000, 0x0000000083700000, 0x0000000083800000|  0%| F|  |TAMS 0x0000000083700000| PB 0x0000000083700000| Untracked |  0
|  18|0x0000000083800000, 0x0000000083800000, 0x0000000083900000|  0%| F|  |TAMS 0x0000000083800000| PB 0x0000000083800000| Untracked |  0
|  19|0x0000000083900000, 0x0000000083900000, 0x0000000083a00000|  0%| F|  |TAMS 0x0000000083900000| PB 0x0000000083900000| Untracked |  0
|  20|0x0000000083a00000, 0x0000000083a00000, 0x0000000083b00000|  0%| F|  |TAMS 0x0000000083a00000| PB 0x0000000083a00000| Untracked |  0
|  21|0x0000000083b00000, 0x0000000083b00000, 0x0000000083c00000|  0%| F|  |TAMS 0x0000000083b00000| PB 0x0000000083b00000| Untracked |  0
|  22|0x0000000083c00000, 0x0000000083c00000, 0x0000000083d00000|  0%| F|  |TAMS 0x0000000083c00000| PB 0x0000000083c00000| Untracked |  0
|  23|0x0000000083d00000, 0x0000000083d00000, 0x0000000083e00000|  0%| F|  |TAMS 0x0000000083d00000| PB 0x0000000083d00000| Untracked |  0
|  24|0x0000000083e00000, 0x0000000083e00000, 0x0000000083f00000|  0%| F|  |TAMS 0x0000000083e00000| PB 0x0000000083e00000| Untracked |  0
|  25|0x0000000083f00000, 0x0000000083f00000, 0x0000000084000000|  0%| F|  |TAMS 0x0000000083f00000| PB 0x0000000083f00000| Untracked |  0
|  26|0x0000000084000000, 0x0000000084000000, 0x0000000084100000|  0%| F|  |TAMS 0x0000000084000000| PB 0x0000000084000000| Untracked |  0
|  27|0x0000000084100000, 0x0000000084100000, 0x0000000084200000|  0%| F|  |TAMS 0x0000000084100000| PB 0x0000000084100000| Untracked |  0
|  28|0x0000000084200000, 0x0000000084200000, 0x0000000084300000|  0%| F|  |TAMS 0x0000000084200000| PB 0x0000000084200000| Untracked |  0
|  29|0x0000000084300000, 0x0000000084300000, 0x0000000084400000|  0%| F|  |TAMS 0x0000000084300000| PB 0x0000000084300000| Untracked |  0
|  30|0x0000000084400000, 0x0000000084400000, 0x0000000084500000|  0%| F|  |TAMS 0x0000000084400000| PB 0x0000000084400000| Untracked |  0
|  31|0x0000000084500000, 0x0000000084500000, 0x0000000084600000|  0%| F|  |TAMS 0x0000000084500000| PB 0x0000000084500000| Untracked |  0
|  32|0x0000000084600000, 0x0000000084600000, 0x0000000084700000|  0%| F|  |TAMS 0x0000000084600000| PB 0x0000000084600000| Untracked |  0
|  33|0x0000000084700000, 0x0000000084700000, 0x0000000084800000|  0%| F|  |TAMS 0x0000000084700000| PB 0x0000000084700000| Untracked |  0
|  34|0x0000000084800000, 0x0000000084800000, 0x0000000084900000|  0%| F|  |TAMS 0x0000000084800000| PB 0x0000000084800000| Untracked |  0
|  35|0x0000000084900000, 0x0000000084900000, 0x0000000084a00000|  0%| F|  |TAMS 0x0000000084900000| PB 0x0000000084900000| Untracked |  0
|  36|0x0000000084a00000, 0x0000000084a00000, 0x0000000084b00000|  0%| F|  |TAMS 0x0000000084a00000| PB 0x0000000084a00000| Untracked |  0
|  37|0x0000000084b00000, 0x0000000084b00000, 0x0000000084c00000|  0%| F|  |TAMS 0x0000000084b00000| PB 0x0000000084b00000| Untracked |  0
|  38|0x0000000084c00000, 0x0000000084c00000, 0x0000000084d00000|  0%| F|  |TAMS 0x0000000084c00000| PB 0x0000000084c00000| Untracked |  0
|  39|0x0000000084d00000, 0x0000000084d00000, 0x0000000084e00000|  0%| F|  |TAMS 0x0000000084d00000| PB 0x0000000084d00000| Untracked |  0
|  40|0x0000000084e00000, 0x0000000084e00000, 0x0000000084f00000|  0%| F|  |TAMS 0x0000000084e00000| PB 0x0000000084e00000| Untracked |  0
|  41|0x0000000084f00000, 0x0000000084f00000, 0x0000000085000000|  0%| F|  |TAMS 0x0000000084f00000| PB 0x0000000084f00000| Untracked |  0
|  42|0x0000000085000000, 0x0000000085000000, 0x0000000085100000|  0%| F|  |TAMS 0x0000000085000000| PB 0x0000000085000000| Untracked |  0
|  43|0x0000000085100000, 0x0000000085100000, 0x0000000085200000|  0%| F|  |TAMS 0x0000000085100000| PB 0x0000000085100000| Untracked |  0
|  44|0x0000000085200000, 0x0000000085200000, 0x0000000085300000|  0%| F|  |TAMS 0x0000000085200000| PB 0x0000000085200000| Untracked |  0
|  45|0x0000000085300000, 0x0000000085300000, 0x0000000085400000|  0%| F|  |TAMS 0x0000000085300000| PB 0x0000000085300000| Untracked |  0
|  46|0x0000000085400000, 0x0000000085400000, 0x0000000085500000|  0%| F|  |TAMS 0x0000000085400000| PB 0x0000000085400000| Untracked |  0
|  47|0x0000000085500000, 0x0000000085500000, 0x0000000085600000|  0%| F|  |TAMS 0x0000000085500000| PB 0x0000000085500000| Untracked |  0
|  48|0x0000000085600000, 0x0000000085600000, 0x0000000085700000|  0%| F|  |TAMS 0x0000000085600000| PB 0x0000000085600000| Untracked |  0
|  49|0x0000000085700000, 0x0000000085700000, 0x0000000085800000|  0%| F|  |TAMS 0x0000000085700000| PB 0x0000000085700000| Untracked |  0
|  50|0x0000000085800000, 0x0000000085800000, 0x0000000085900000|  0%| F|  |TAMS 0x0000000085800000| PB 0x0000000085800000| Untracked |  0
|  51|0x0000000085900000, 0x0000000085900000, 0x0000000085a00000|  0%| F|  |TAMS 0x0000000085900000| PB 0x0000000085900000| Untracked |  0
|  52|0x0000000085a00000, 0x0000000085a00000, 0x0000000085b00000|  0%| F|  |TAMS 0x0000000085a00000| PB 0x0000000085a00000| Untracked |  0
|  53|0x0000000085b00000, 0x0000000085b00000, 0x0000000085c00000|  0%| F|  |TAMS 0x0000000085b00000| PB 0x0000000085b00000| Untracked |  0
|  54|0x0000000085c00000, 0x0000000085c00000, 0x0000000085d00000|  0%| F|  |TAMS 0x0000000085c00000| PB 0x0000000085c00000| Untracked |  0
|  55|0x0000000085d00000, 0x0000000085d00000, 0x0000000085e00000|  0%| F|  |TAMS 0x0000000085d00000| PB 0x0000000085d00000| Untracked |  0
|  56|0x0000000085e00000, 0x0000000085e00000, 0x0000000085f00000|  0%| F|  |TAMS 0x0000000085e00000| PB 0x0000000085e00000| Untracked |  0
|  57|0x0000000085f00000, 0x0000000085f00000, 0x0000000086000000|  0%| F|  |TAMS 0x0000000085f00000| PB 0x0000000085f00000| Untracked |  0
|  58|0x0000000086000000, 0x0000000086000000, 0x0000000086100000|  0%| F|  |TAMS 0x0000000086000000| PB 0x0000000086000000| Untracked |  0
|  59|0x0000000086100000, 0x0000000086100000, 0x0000000086200000|  0%| F|  |TAMS 0x0000000086100000| PB 0x0000000086100000| Untracked |  0
|  60|0x0000000086200000, 0x0000000086200000, 0x0000000086300000|  0%| F|  |TAMS 0x0000000086200000| PB 0x0000000086200000| Untracked |  0
|  61|0x0000000086300000, 0x0000000086300000, 0x0000000086400000|  0%| F|  |TAMS 0x0000000086300000| PB 0x0000000086300000| Untracked |  0
|  62|0x0000000086400000, 0x0000000086400000, 0x0000000086500000|  0%| F|  |TAMS 0x0000000086400000| PB 0x0000000086400000| Untracked |  0
|  63|0x0000000086500000, 0x0000000086500000, 0x0000000086600000|  0%| F|  |TAMS 0x0000000086500000| PB 0x0000000086500000| Untracked |  0
|  64|0x0000000086600000, 0x0000000086600000, 0x0000000086700000|  0%| F|  |TAMS 0x0000000086600000| PB 0x0000000086600000| Untracked |  0
|  65|0x0000000086700000, 0x0000000086700000, 0x0000000086800000|  0%| F|  |TAMS 0x0000000086700000| PB 0x0000000086700000| Untracked |  0
|  66|0x0000000086800000, 0x0000000086800000, 0x0000000086900000|  0%| F|  |TAMS 0x0000000086800000| PB 0x0000000086800000| Untracked |  0
|  67|0x0000000086900000, 0x0000000086900000, 0x0000000086a00000|  0%| F|  |TAMS 0x0000000086900000| PB 0x0000000086900000| Untracked |  0
|  68|0x0000000086a00000, 0x0000000086a00000, 0x0000000086b00000|  0%| F|  |TAMS 0x0000000086a00000| PB 0x0000000086a00000| Untracked |  0
|  69|0x0000000086b00000, 0x0000000086b00000, 0x0000000086c00000|  0%| F|  |TAMS 0x0000000086b00000| PB 0x0000000086b00000| Untracked |  0
|  70|0x0000000086c00000, 0x0000000086c00000, 0x0000000086d00000|  0%| F|  |TAMS 0x0000000086c00000| PB 0x0000000086c00000| Untracked |  0
|  71|0x0000000086d00000, 0x0000000086d00000, 0x0000000086e00000|  0%| F|  |TAMS 0x0000000086d00000| PB 0x0000000086d00000| Untracked |  0
|  72|0x0000000086e00000, 0x0000000086e00000, 0x0000000086f00000|  0%| F|  |TAMS 0x0000000086e00000| PB 0x0000000086e00000| Untracked |  0
|  73|0x0000000086f00000, 0x0000000086f00000, 0x0000000087000000|  0%| F|  |TAMS 0x0000000086f00000| PB 0x0000000086f00000| Untracked |  0
|  74|0x0000000087000000, 0x0000000087000000, 0x0000000087100000|  0%| F|  |TAMS 0x0000000087000000| PB 0x0000000087000000| Untracked |  0
|  75|0x0000000087100000, 0x0000000087100000, 0x0000000087200000|  0%| F|  |TAMS 0x0000000087100000| PB 0x0000000087100000| Untracked |  0
|  76|0x0000000087200000, 0x0000000087200000, 0x0000000087300000|  0%| F|  |TAMS 0x0000000087200000| PB 0x0000000087200000| Untracked |  0
|  77|0x0000000087300000, 0x0000000087300000, 0x0000000087400000|  0%| F|  |TAMS 0x0000000087300000| PB 0x0000000087300000| Untracked |  0
|  78|0x0000000087400000, 0x0000000087400000, 0x0000000087500000|  0%| F|  |TAMS 0x0000000087400000| PB 0x0000000087400000| Untracked |  0
|  79|0x0000000087500000, 0x0000000087500000, 0x0000000087600000|  0%| F|  |TAMS 0x0000000087500000| PB 0x0000000087500000| Untracked |  0
|  80|0x0000000087600000, 0x0000000087600000, 0x0000000087700000|  0%| F|  |TAMS 0x0000000087600000| PB 0x0000000087600000| Untracked |  0
|  81|0x0000000087700000, 0x0000000087700000, 0x0000000087800000|  0%| F|  |TAMS 0x0000000087700000| PB 0x0000000087700000| Untracked |  0
|  82|0x0000000087800000, 0x0000000087800000, 0x0000000087900000|  0%| F|  |TAMS 0x0000000087800000| PB 0x0000000087800000| Untracked |  0
|  83|0x0000000087900000, 0x0000000087900000, 0x0000000087a00000|  0%| F|  |TAMS 0x0000000087900000| PB 0x0000000087900000| Untracked |  0
|  84|0x0000000087a00000, 0x0000000087a00000, 0x0000000087b00000|  0%| F|  |TAMS 0x0000000087a00000| PB 0x0000000087a00000| Untracked |  0
|  85|0x0000000087b00000, 0x0000000087b00000, 0x0000000087c00000|  0%| F|  |TAMS 0x0000000087b00000| PB 0x0000000087b00000| Untracked |  0
|  86|0x0000000087c00000, 0x0000000087c00000, 0x0000000087d00000|  0%| F|  |TAMS 0x0000000087c00000| PB 0x0000000087c00000| Untracked |  0
|  87|0x0000000087d00000, 0x0000000087d00000, 0x0000000087e00000|  0%| F|  |TAMS 0x0000000087d00000| PB 0x0000000087d00000| Untracked |  0
|  88|0x0000000087e00000, 0x0000000087e00000, 0x0000000087f00000|  0%| F|  |TAMS 0x0000000087e00000| PB 0x0000000087e00000| Untracked |  0
|  89|0x0000000087f00000, 0x0000000087f00000, 0x0000000088000000|  0%| F|  |TAMS 0x0000000087f00000| PB 0x0000000087f00000| Untracked |  0
|  90|0x0000000088000000, 0x0000000088000000, 0x0000000088100000|  0%| F|  |TAMS 0x0000000088000000| PB 0x0000000088000000| Untracked |  0
|  91|0x0000000088100000, 0x0000000088100000, 0x0000000088200000|  0%| F|  |TAMS 0x0000000088100000| PB 0x0000000088100000| Untracked |  0
|  92|0x0000000088200000, 0x0000000088200000, 0x0000000088300000|  0%| F|  |TAMS 0x0000000088200000| PB 0x0000000088200000| Untracked |  0
|  93|0x0000000088300000, 0x0000000088300000, 0x0000000088400000|  0%| F|  |TAMS 0x0000000088300000| PB 0x0000000088300000| Untracked |  0
|  94|0x0000000088400000, 0x0000000088400000, 0x0000000088500000|  0%| F|  |TAMS 0x0000000088400000| PB 0x0000000088400000| Untracked |  0
|  95|0x0000000088500000, 0x0000000088500000, 0x0000000088600000|  0%| F|  |TAMS 0x0000000088500000| PB 0x0000000088500000| Untracked |  0
|  96|0x0000000088600000, 0x0000000088600000, 0x0000000088700000|  0%| F|  |TAMS 0x0000000088600000| PB 0x0000000088600000| Untracked |  0
|  97|0x0000000088700000, 0x0000000088700000, 0x0000000088800000|  0%| F|  |TAMS 0x0000000088700000| PB 0x0000000088700000| Untracked |  0
|  98|0x0000000088800000, 0x0000000088800000, 0x0000000088900000|  0%| F|  |TAMS 0x0000000088800000| PB 0x0000000088800000| Untracked |  0
|  99|0x0000000088900000, 0x0000000088a00000, 0x0000000088a00000|100%| S|CS|TAMS 0x0000000088900000| PB 0x0000000088900000| Complete |  0
| 100|0x0000000088a00000, 0x0000000088b00000, 0x0000000088b00000|100%| S|CS|TAMS 0x0000000088a00000| PB 0x0000000088a00000| Complete |  0
| 101|0x0000000088b00000, 0x0000000088c00000, 0x0000000088c00000|100%| S|CS|TAMS 0x0000000088b00000| PB 0x0000000088b00000| Complete |  0
| 102|0x0000000088c00000, 0x0000000088c00000, 0x0000000088d00000|  0%| F|  |TAMS 0x0000000088c00000| PB 0x0000000088c00000| Untracked |  0
| 103|0x0000000088d00000, 0x0000000088d00000, 0x0000000088e00000|  0%| F|  |TAMS 0x0000000088d00000| PB 0x0000000088d00000| Untracked |  0
| 104|0x0000000088e00000, 0x0000000088e00000, 0x0000000088f00000|  0%| F|  |TAMS 0x0000000088e00000| PB 0x0000000088e00000| Untracked |  0
| 105|0x0000000088f00000, 0x0000000088f00000, 0x0000000089000000|  0%| F|  |TAMS 0x0000000088f00000| PB 0x0000000088f00000| Untracked |  0
| 106|0x0000000089000000, 0x0000000089000000, 0x0000000089100000|  0%| F|  |TAMS 0x0000000089000000| PB 0x0000000089000000| Untracked |  0
| 107|0x0000000089100000, 0x0000000089100000, 0x0000000089200000|  0%| F|  |TAMS 0x0000000089100000| PB 0x0000000089100000| Untracked |  0
| 108|0x0000000089200000, 0x0000000089200000, 0x0000000089300000|  0%| F|  |TAMS 0x0000000089200000| PB 0x0000000089200000| Untracked |  0
| 109|0x0000000089300000, 0x0000000089300000, 0x0000000089400000|  0%| F|  |TAMS 0x0000000089300000| PB 0x0000000089300000| Untracked |  0
| 110|0x0000000089400000, 0x0000000089400000, 0x0000000089500000|  0%| F|  |TAMS 0x0000000089400000| PB 0x0000000089400000| Untracked |  0
| 111|0x0000000089500000, 0x0000000089500000, 0x0000000089600000|  0%| F|  |TAMS 0x0000000089500000| PB 0x0000000089500000| Untracked |  0
| 112|0x0000000089600000, 0x0000000089600000, 0x0000000089700000|  0%| F|  |TAMS 0x0000000089600000| PB 0x0000000089600000| Untracked |  0
| 113|0x0000000089700000, 0x0000000089700000, 0x0000000089800000|  0%| F|  |TAMS 0x0000000089700000| PB 0x0000000089700000| Untracked |  0
| 114|0x0000000089800000, 0x0000000089800000, 0x0000000089900000|  0%| F|  |TAMS 0x0000000089800000| PB 0x0000000089800000| Untracked |  0
| 115|0x0000000089900000, 0x0000000089900000, 0x0000000089a00000|  0%| F|  |TAMS 0x0000000089900000| PB 0x0000000089900000| Untracked |  0
| 116|0x0000000089a00000, 0x0000000089a00000, 0x0000000089b00000|  0%| F|  |TAMS 0x0000000089a00000| PB 0x0000000089a00000| Untracked |  0
| 117|0x0000000089b00000, 0x0000000089b00000, 0x0000000089c00000|  0%| F|  |TAMS 0x0000000089b00000| PB 0x0000000089b00000| Untracked |  0
| 118|0x0000000089c00000, 0x0000000089c00000, 0x0000000089d00000|  0%| F|  |TAMS 0x0000000089c00000| PB 0x0000000089c00000| Untracked |  0
| 119|0x0000000089d00000, 0x0000000089d00000, 0x0000000089e00000|  0%| F|  |TAMS 0x0000000089d00000| PB 0x0000000089d00000| Untracked |  0
| 120|0x0000000089e00000, 0x0000000089e00000, 0x0000000089f00000|  0%| F|  |TAMS 0x0000000089e00000| PB 0x0000000089e00000| Untracked |  0
| 121|0x0000000089f00000, 0x0000000089f00000, 0x000000008a000000|  0%| F|  |TAMS 0x0000000089f00000| PB 0x0000000089f00000| Untracked |  0
| 122|0x000000008a000000, 0x000000008a0e0be8, 0x000000008a100000| 87%| E|  |TAMS 0x000000008a000000| PB 0x000000008a000000| Complete |  0
| 123|0x000000008a100000, 0x000000008a200000, 0x000000008a200000|100%| E|CS|TAMS 0x000000008a100000| PB 0x000000008a100000| Complete |  0
| 124|0x000000008a200000, 0x000000008a300000, 0x000000008a300000|100%| E|CS|TAMS 0x000000008a200000| PB 0x000000008a200000| Complete |  0
| 125|0x000000008a300000, 0x000000008a400000, 0x000000008a400000|100%| E|CS|TAMS 0x000000008a300000| PB 0x000000008a300000| Complete |  0

Card table byte_map: [0x000001f277720000,0x000001f277b10000] _byte_map_base: 0x000001f27730d000

Marking Bits: (CMBitMap*) 0x000001f263d84090
 Bits: [0x000001f277b10000, 0x000001f279a78000)

Polling page: 0x000001f262690000

Metaspace:

Usage:
  Non-class:     14.11 MB used.
      Class:      1.63 MB used.
       Both:     15.73 MB used.

Virtual space:
  Non-class space:       64.00 MB reserved,      14.25 MB ( 22%) committed,  1 nodes.
      Class space:        1.00 GB reserved,       1.75 MB ( <1%) committed,  1 nodes.
             Both:        1.06 GB reserved,      16.00 MB (  1%) committed. 

Chunk freelists:
   Non-Class:  1.67 MB
       Class:  14.26 MB
        Both:  15.93 MB

MaxMetaspaceSize: unlimited
CompressedClassSpaceSize: 1.00 GB
Initial GC threshold: 21.00 MB
Current GC threshold: 21.00 MB
CDS: off
 - commit_granule_bytes: 65536.
 - commit_granule_words: 8192.
 - virtual_space_node_default_size: 8388608.
 - enlarge_chunks_in_place: 1.
 - use_allocation_guard: 0.


Internal statistics:

num_allocs_failed_limit: 0.
num_arena_births: 302.
num_arena_deaths: 0.
num_vsnodes_births: 2.
num_vsnodes_deaths: 0.
num_space_committed: 256.
num_space_uncommitted: 0.
num_chunks_returned_to_freelist: 0.
num_chunks_taken_from_freelist: 599.
num_chunk_merges: 0.
num_chunk_splits: 339.
num_chunks_enlarged: 198.
num_inconsistent_stats: 0.

CodeHeap 'non-profiled nmethods': size=120000Kb used=499Kb max_used=499Kb free=119500Kb
 bounds [0x000001f26f3a0000, 0x000001f26f610000, 0x000001f2768d0000]
CodeHeap 'profiled nmethods': size=120000Kb used=2668Kb max_used=2668Kb free=117331Kb
 bounds [0x000001f2678d0000, 0x000001f267b70000, 0x000001f26ee00000]
CodeHeap 'non-nmethods': size=5760Kb used=1378Kb max_used=1398Kb free=4382Kb
 bounds [0x000001f26ee00000, 0x000001f26f070000, 0x000001f26f3a0000]
 total_blobs=2046 nmethods=1566 adapters=385
 compilation: enabled
              stopped_count=0, restarted_count=0
 full_count=0

Compilation events (20 events):
Event: 3.809 Thread 0x000001f27c5e1940 1554       3       java.util.ArrayList::forEach (74 bytes)
Event: 3.809 Thread 0x000001f27c5e1940 nmethod 1554 0x000001f267b5db90 code [0x000001f267b5dda0, 0x000001f267b5e348]
Event: 3.809 Thread 0x000001f27c5e1940 1553       3       org.springframework.boot.context.properties.source.ConfigurationPropertyName::fastElementEquals (69 bytes)
Event: 3.809 Thread 0x000001f27c5e1940 nmethod 1553 0x000001f267b5e610 code [0x000001f267b5e800, 0x000001f267b5ec10]
Event: 3.811 Thread 0x000001f27c5e1940 1556       3       java.lang.invoke.MethodHandle::getApproximateCommonClassLoader (58 bytes)
Event: 3.812 Thread 0x000001f27c5e1940 nmethod 1556 0x000001f267b5ee10 code [0x000001f267b5f080, 0x000001f267b5fb70]
Event: 3.812 Thread 0x000001f27c5e1940 1555       3       java.lang.invoke.MethodHandle::isSafeToCache (14 bytes)
Event: 3.812 Thread 0x000001f27c5e1940 nmethod 1555 0x000001f267b5ff90 code [0x000001f267b60140, 0x000001f267b602b8]
Event: 3.813 Thread 0x000001f27c5e1940 1557       3       java.lang.invoke.MethodHandle::asTypeUncached (54 bytes)
Event: 3.814 Thread 0x000001f27c5e1940 nmethod 1557 0x000001f267b60390 code [0x000001f267b60660, 0x000001f267b61100]
Event: 3.814 Thread 0x000001f27c5e1940 1558       3       java.lang.invoke.MethodType::isConvertibleTo (164 bytes)
Event: 3.815 Thread 0x000001f27c5e1940 nmethod 1558 0x000001f267b61590 code [0x000001f267b617e0, 0x000001f267b620b8]
Event: 8.897 Thread 0x000001f27c5e1940 1560       3       java.lang.invoke.MethodHandle::asType (32 bytes)
Event: 8.898 Thread 0x000001f27c5e1940 nmethod 1560 0x000001f267b62390 code [0x000001f267b625c0, 0x000001f267b62cd0]
Event: 8.898 Thread 0x000001f27c5e1940 1561       3       java.lang.invoke.DirectMethodHandle::shouldBeInitialized (117 bytes)
Event: 8.898 Thread 0x000001f27c5e1940 nmethod 1561 0x000001f267b62f10 code [0x000001f267b63160, 0x000001f267b638f0]
Event: 8.898 Thread 0x000001f27c5e1940 1563       3       jdk.internal.misc.Unsafe::storeFence (5 bytes)
Event: 8.899 Thread 0x000001f27c5e1940 nmethod 1563 0x000001f267b63b10 code [0x000001f267b63ca0, 0x000001f267b63dc0]
Event: 8.899 Thread 0x000001f27c5e1940 1564       3       java.lang.invoke.MethodHandle::asTypeCached (52 bytes)
Event: 8.899 Thread 0x000001f27c5e1940 nmethod 1564 0x000001f267b63e90 code [0x000001f267b64060, 0x000001f267b64440]

GC Heap History (2 events):
Event: 3.738 GC heap before
{Heap before GC invocations=0 (full 0):
 garbage-first heap   total reserved 2058240K, committed 129024K, used 25600K [0x0000000082600000, 0x0000000100000000)
  region size 1024K, 24 young (24576K), 0 survivors (0K)
 Metaspace       used 15365K, committed 15616K, reserved 1114112K
  class space    used 1572K, committed 1664K, reserved 1048576K
}
Event: 3.744 GC heap after
{Heap after GC invocations=1 (full 0):
 garbage-first heap   total reserved 2058240K, committed 129024K, used 8405K [0x0000000082600000, 0x0000000100000000)
  region size 1024K, 3 young (3072K), 3 survivors (3072K)
 Metaspace       used 15365K, committed 15616K, reserved 1114112K
  class space    used 1572K, committed 1664K, reserved 1048576K
}

Dll operation events (6 events):
Event: 0.409 Loaded shared library C:\Users\aksha\.p2\pool\plugins\org.eclipse.justj.openjdk.hotspot.jre.full.win32.x86_64_22.0.1.v20240426-1149\jre\bin\java.dll
Event: 0.478 Loaded shared library C:\Users\aksha\.p2\pool\plugins\org.eclipse.justj.openjdk.hotspot.jre.full.win32.x86_64_22.0.1.v20240426-1149\jre\bin\zip.dll
Event: 0.883 Loaded shared library C:\Users\aksha\.p2\pool\plugins\org.eclipse.justj.openjdk.hotspot.jre.full.win32.x86_64_22.0.1.v20240426-1149\jre\bin\net.dll
Event: 0.886 Loaded shared library C:\Users\aksha\.p2\pool\plugins\org.eclipse.justj.openjdk.hotspot.jre.full.win32.x86_64_22.0.1.v20240426-1149\jre\bin\nio.dll
Event: 0.894 Loaded shared library C:\Users\aksha\.p2\pool\plugins\org.eclipse.justj.openjdk.hotspot.jre.full.win32.x86_64_22.0.1.v20240426-1149\jre\bin\zip.dll
Event: 1.259 Loaded shared library C:\Users\aksha\.p2\pool\plugins\org.eclipse.justj.openjdk.hotspot.jre.full.win32.x86_64_22.0.1.v20240426-1149\jre\bin\jimage.dll

Deoptimization events (20 events):
Event: 3.744 Thread 0x000001f27c5b6000 Uncommon trap: trap_request=0xffffff45 fr.pc=0x000001f26f3eaaac relative=0x000000000000010c
Event: 3.744 Thread 0x000001f27c5b6000 Uncommon trap: reason=unstable_if action=reinterpret pc=0x000001f26f3eaaac method=java.util.concurrent.locks.AbstractQueuedSynchronizer.signalNext(Ljava/util/concurrent/locks/AbstractQueuedSynchronizer$Node;)V @ 1 c2
Event: 3.744 Thread 0x000001f27c5b6000 DEOPT PACKING pc=0x000001f26f3eaaac sp=0x0000000f00cff1a0
Event: 3.744 Thread 0x000001f27c5b6000 DEOPT UNPACKING pc=0x000001f26ee546a2 sp=0x0000000f00cff090 mode 2
Event: 3.744 Thread 0x000001f27c5b6000 Uncommon trap: trap_request=0xffffff45 fr.pc=0x000001f26f3eaf68 relative=0x0000000000000148
Event: 3.744 Thread 0x000001f27c5b6000 Uncommon trap: reason=unstable_if action=reinterpret pc=0x000001f26f3eaf68 method=java.util.concurrent.locks.AbstractQueuedSynchronizer.signalNext(Ljava/util/concurrent/locks/AbstractQueuedSynchronizer$Node;)V @ 1 c2
Event: 3.744 Thread 0x000001f27c5b6000 DEOPT PACKING pc=0x000001f26f3eaf68 sp=0x0000000f00cff130
Event: 3.744 Thread 0x000001f27c5b6000 DEOPT UNPACKING pc=0x000001f26ee546a2 sp=0x0000000f00cff088 mode 2
Event: 3.754 Thread 0x000001f263d2b680 Uncommon trap: trap_request=0xffffffc6 fr.pc=0x000001f26f3ec8b8 relative=0x0000000000000358
Event: 3.754 Thread 0x000001f263d2b680 Uncommon trap: reason=bimorphic_or_optimized_type_check action=maybe_recompile pc=0x000001f26f3ec8b8 method=java.util.concurrent.ConcurrentHashMap.get(Ljava/lang/Object;)Ljava/lang/Object; @ 149 c2
Event: 3.754 Thread 0x000001f263d2b680 DEOPT PACKING pc=0x000001f26f3ec8b8 sp=0x0000000f004fcc00
Event: 3.754 Thread 0x000001f263d2b680 DEOPT UNPACKING pc=0x000001f26ee546a2 sp=0x0000000f004fcb80 mode 2
Event: 3.754 Thread 0x000001f263d2b680 Uncommon trap: trap_request=0xffffffc6 fr.pc=0x000001f26f3ec8b8 relative=0x0000000000000358
Event: 3.754 Thread 0x000001f263d2b680 Uncommon trap: reason=bimorphic_or_optimized_type_check action=maybe_recompile pc=0x000001f26f3ec8b8 method=java.util.concurrent.ConcurrentHashMap.get(Ljava/lang/Object;)Ljava/lang/Object; @ 149 c2
Event: 3.754 Thread 0x000001f263d2b680 DEOPT PACKING pc=0x000001f26f3ec8b8 sp=0x0000000f004fd930
Event: 3.754 Thread 0x000001f263d2b680 DEOPT UNPACKING pc=0x000001f26ee546a2 sp=0x0000000f004fd8b0 mode 2
Event: 3.754 Thread 0x000001f263d2b680 Uncommon trap: trap_request=0xffffffc6 fr.pc=0x000001f26f3ec8b8 relative=0x0000000000000358
Event: 3.754 Thread 0x000001f263d2b680 Uncommon trap: reason=bimorphic_or_optimized_type_check action=maybe_recompile pc=0x000001f26f3ec8b8 method=java.util.concurrent.ConcurrentHashMap.get(Ljava/lang/Object;)Ljava/lang/Object; @ 149 c2
Event: 3.754 Thread 0x000001f263d2b680 DEOPT PACKING pc=0x000001f26f3ec8b8 sp=0x0000000f004fd8b0
Event: 3.754 Thread 0x000001f263d2b680 DEOPT UNPACKING pc=0x000001f26ee546a2 sp=0x0000000f004fd830 mode 2

Classes loaded (20 events):
Event: 3.765 Loading class java/util/stream/StreamSpliterators
Event: 3.765 Loading class java/util/stream/StreamSpliterators done
Event: 3.765 Loading class java/util/function/BooleanSupplier
Event: 3.765 Loading class java/util/function/BooleanSupplier done
Event: 3.779 Loading class java/util/LinkedList
Event: 3.780 Loading class java/util/AbstractSequentialList
Event: 3.780 Loading class java/util/AbstractSequentialList done
Event: 3.780 Loading class java/util/LinkedList done
Event: 3.831 Loading class java/io/Console
Event: 3.831 Loading class java/io/Console done
Event: 3.832 Loading class jdk/internal/io/JdkConsoleProvider
Event: 3.832 Loading class jdk/internal/io/JdkConsoleProvider done
Event: 3.832 Loading class java/util/ServiceLoader$LayerLookupIterator
Event: 5.854 Loading class java/util/ServiceLoader$LayerLookupIterator done
Event: 5.870 Loading class java/util/ServiceLoader$ProviderSpliterator
Event: 8.896 Loading class java/util/ServiceLoader$ProviderSpliterator done
Event: 8.897 Loading class jdk/internal/io/JdkConsole
Event: 8.898 Loading class jdk/internal/io/JdkConsole done
Event: 8.899 Loading class jdk/internal/module/ModulePatcher$PatchedModuleReader
Event: 8.899 Loading class jdk/internal/module/ModulePatcher$PatchedModuleReader done

Classes unloaded (0 events):
No events

Classes redefined (0 events):
No events

Internal exceptions (20 events):
Event: 3.729 Thread 0x000001f263d2b680 Exception <a 'java/lang/NoSuchMethodError'{0x0000000088c84fb0}: 'java.lang.Object java.lang.invoke.DirectMethodHandle$Holder.invokeStatic(java.lang.Object, java.lang.Object, int)'> (0x0000000088c84fb0) 
thrown [s\src\hotspot\share\interpreter\linkResolver.cpp, line 774]
Event: 3.730 Thread 0x000001f263d2b680 Exception <a 'java/lang/NoSuchMethodError'{0x0000000088c97930}: 'void java.lang.invoke.DelegatingMethodHandle$Holder.delegate(java.lang.Object, java.lang.Object, int, java.lang.Object)'> (0x0000000088c97930) 
thrown [s\src\hotspot\share\interpreter\linkResolver.cpp, line 774]
Event: 3.733 Thread 0x000001f263d2b680 Exception <a 'java/lang/NoSuchMethodError'{0x0000000088cb6280}: 'int java.lang.invoke.DirectMethodHandle$Holder.invokeVirtual(java.lang.Object, java.lang.Object, java.lang.Object)'> (0x0000000088cb6280) 
thrown [s\src\hotspot\share\interpreter\linkResolver.cpp, line 774]
Event: 3.733 Thread 0x000001f263d2b680 Exception <a 'java/lang/NoSuchMethodError'{0x0000000088cb9930}: 'int java.lang.invoke.DirectMethodHandle$Holder.invokeVirtual(java.lang.Object, java.lang.Object)'> (0x0000000088cb9930) 
thrown [s\src\hotspot\share\interpreter\linkResolver.cpp, line 774]
Event: 3.733 Thread 0x000001f263d2b680 Exception <a 'java/lang/NoSuchMethodError'{0x0000000088cbd8c8}: 'int java.lang.invoke.DirectMethodHandle$Holder.invokeStaticInit(java.lang.Object, int, int)'> (0x0000000088cbd8c8) 
thrown [s\src\hotspot\share\interpreter\linkResolver.cpp, line 774]
Event: 3.734 Thread 0x000001f263d2b680 Exception <a 'java/lang/NoSuchMethodError'{0x0000000088cc4eb8}: 'int java.lang.invoke.DirectMethodHandle$Holder.invokeStaticInit(java.lang.Object, long, long)'> (0x0000000088cc4eb8) 
thrown [s\src\hotspot\share\interpreter\linkResolver.cpp, line 774]
Event: 3.734 Thread 0x000001f263d2b680 Exception <a 'java/lang/NoSuchMethodError'{0x0000000088ccb930}: 'int java.lang.invoke.DirectMethodHandle$Holder.invokeStaticInit(java.lang.Object, float, float)'> (0x0000000088ccb930) 
thrown [s\src\hotspot\share\interpreter\linkResolver.cpp, line 774]
Event: 3.735 Thread 0x000001f263d2b680 Exception <a 'java/lang/NoSuchMethodError'{0x0000000088cd23a0}: 'int java.lang.invoke.DirectMethodHandle$Holder.invokeStaticInit(java.lang.Object, double, double)'> (0x0000000088cd23a0) 
thrown [s\src\hotspot\share\interpreter\linkResolver.cpp, line 774]
Event: 3.735 Thread 0x000001f263d2b680 Exception <a 'java/lang/NoSuchMethodError'{0x0000000088cd68f8}: 'int java.lang.invoke.DirectMethodHandle$Holder.invokeStatic(java.lang.Object, long)'> (0x0000000088cd68f8) 
thrown [s\src\hotspot\share\interpreter\linkResolver.cpp, line 774]
Event: 3.738 Thread 0x000001f263d2b680 Exception <a 'java/lang/NoSuchMethodError'{0x0000000088cf8e78}: 'int java.lang.invoke.Invokers$Holder.linkToTargetMethod(java.lang.Object, java.lang.Object)'> (0x0000000088cf8e78) 
thrown [s\src\hotspot\share\interpreter\linkResolver.cpp, line 774]
Event: 3.762 Thread 0x000001f263d2b680 Exception <a 'java/lang/NoSuchMethodError'{0x000000008a370128}: 'java.lang.Object java.lang.invoke.DirectMethodHandle$Holder.invokeSpecial(java.lang.Object, java.lang.Object, java.lang.Object, int, java.lang.Object)'> (0x000000008a370128) 
thrown [s\src\hotspot\share\interpreter\linkResolver.cpp, line 774]
Event: 3.762 Thread 0x000001f263d2b680 Exception <a 'java/lang/NoSuchMethodError'{0x000000008a377ad0}: 'java.lang.Object java.lang.invoke.DirectMethodHandle$Holder.newInvokeSpecial(java.lang.Object, java.lang.Object, java.lang.Object, int, java.lang.Object)'> (0x000000008a377ad0) 
thrown [s\src\hotspot\share\interpreter\linkResolver.cpp, line 774]
Event: 3.763 Thread 0x000001f263d2b680 Exception <a 'java/lang/NoSuchMethodError'{0x000000008a3f8e20}: 'java.lang.Object java.lang.invoke.DirectMethodHandle$Holder.newInvokeSpecial(java.lang.Object, int, java.lang.Object)'> (0x000000008a3f8e20) 
thrown [s\src\hotspot\share\interpreter\linkResolver.cpp, line 774]
Event: 3.764 Thread 0x000001f263d2b680 Exception <a 'java/lang/NoSuchMethodError'{0x000000008a3fd838}: 'int java.lang.invoke.DirectMethodHandle$Holder.invokeSpecialIFC(java.lang.Object, java.lang.Object, java.lang.Object, java.lang.Object)'> (0x000000008a3fd838) 
thrown [s\src\hotspot\share\interpreter\linkResolver.cpp, line 774]
Event: 3.791 Thread 0x000001f263d2b680 Exception <a 'java/lang/NoSuchMethodError'{0x000000008a12f408}: 'void java.lang.invoke.DirectMethodHandle$Holder.invokeInterface(java.lang.Object, java.lang.Object, java.lang.Object)'> (0x000000008a12f408) 
thrown [s\src\hotspot\share\interpreter\linkResolver.cpp, line 774]
Event: 3.800 Thread 0x000001f263d2b680 Exception <a 'java/lang/NoSuchMethodError'{0x000000008a191188}: 'void java.lang.invoke.DirectMethodHandle$Holder.invokeStatic(java.lang.Object, java.lang.Object, int)'> (0x000000008a191188) 
thrown [s\src\hotspot\share\interpreter\linkResolver.cpp, line 774]
Event: 3.813 Thread 0x000001f263d2b680 Exception <a 'java/lang/NoSuchMethodError'{0x000000008a1f3878}: 'void java.lang.invoke.DirectMethodHandle$Holder.invokeStaticInit(java.lang.Object, java.lang.Object, java.lang.Object)'> (0x000000008a1f3878) 
thrown [s\src\hotspot\share\interpreter\linkResolver.cpp, line 774]
Event: 3.832 Thread 0x000001f263d2b680 Exception <a 'java/lang/NoSuchMethodError'{0x000000008a02b7e8}: 'java.lang.Object java.lang.invoke.DirectMethodHandle$Holder.invokeStaticInit(java.lang.Object, int)'> (0x000000008a02b7e8) 
thrown [s\src\hotspot\share\interpreter\linkResolver.cpp, line 774]
Event: 8.898 Thread 0x000001f263d2b680 Exception <a 'java/lang/NoSuchMethodError'{0x000000008a035bc8}: 'java.lang.Object java.lang.invoke.DirectMethodHandle$Holder.invokeStatic(java.lang.Object, int, java.lang.Object)'> (0x000000008a035bc8) 
thrown [s\src\hotspot\share\interpreter\linkResolver.cpp, line 774]
Event: 8.898 Thread 0x000001f263d2b680 Exception <a 'java/lang/NoSuchMethodError'{0x000000008a039248}: 'java.lang.Object java.lang.invoke.DirectMethodHandle$Holder.invokeStaticInit(java.lang.Object, int, java.lang.Object)'> (0x000000008a039248) 
thrown [s\src\hotspot\share\interpreter\linkResolver.cpp, line 774]

ZGC Phase Switch (0 events):
No events

VM Operations (20 events):
Event: 1.928 Executing VM operation: Cleanup
Event: 1.928 Executing VM operation: Cleanup done
Event: 1.928 Executing VM operation: HandshakeAllThreads (Deoptimize)
Event: 1.928 Executing VM operation: HandshakeAllThreads (Deoptimize) done
Event: 2.272 Executing VM operation: HandshakeAllThreads (Deoptimize)
Event: 2.272 Executing VM operation: HandshakeAllThreads (Deoptimize) done
Event: 2.320 Executing VM operation: HandshakeAllThreads (Deoptimize)
Event: 2.320 Executing VM operation: HandshakeAllThreads (Deoptimize) done
Event: 3.329 Executing VM operation: Cleanup
Event: 3.547 Executing VM operation: Cleanup done
Event: 3.729 Executing VM operation: HandshakeAllThreads (Deoptimize)
Event: 3.729 Executing VM operation: HandshakeAllThreads (Deoptimize) done
Event: 3.738 Executing VM operation: G1CollectForAllocation (G1 Evacuation Pause)
Event: 3.744 Executing VM operation: G1CollectForAllocation (G1 Evacuation Pause) done
Event: 3.781 Executing VM operation: HandshakeAllThreads (Deoptimize)
Event: 3.781 Executing VM operation: HandshakeAllThreads (Deoptimize) done
Event: 3.801 Executing VM operation: HandshakeAllThreads (Deoptimize)
Event: 3.801 Executing VM operation: HandshakeAllThreads (Deoptimize) done
Event: 4.814 Executing VM operation: Cleanup
Event: 5.869 Executing VM operation: Cleanup done

Events (14 events):
Event: 0.466 Thread 0x000001f263d2b680 Thread added: 0x000001f263d2b680
Event: 0.752 Thread 0x000001f27c5b6000 Thread added: 0x000001f27c5b6000
Event: 0.752 Thread 0x000001f27c5b8480 Thread added: 0x000001f27c5b8480
Event: 0.753 Thread 0x000001f27c5a45f0 Thread added: 0x000001f27c5a45f0
Event: 0.753 Thread 0x000001f27c5a5050 Thread added: 0x000001f27c5a5050
Event: 0.754 Thread 0x000001f27c597690 Thread added: 0x000001f27c597690
Event: 0.754 Thread 0x000001f27c5d6f50 Thread added: 0x000001f27c5d6f50
Event: 0.754 Thread 0x000001f27c5dbb70 Thread added: 0x000001f27c5dbb70
Event: 0.754 Thread 0x000001f27c5e1940 Thread added: 0x000001f27c5e1940
Event: 0.842 Thread 0x000001f27c77e2c0 Thread added: 0x000001f27c77e2c0
Event: 0.847 Thread 0x000001f27c790560 Thread added: 0x000001f27c790560
Event: 1.465 Thread 0x000001f27c70e950 Thread added: 0x000001f27c70e950
Event: 1.793 Thread 0x000001f27c70e950 Thread exited: 0x000001f27c70e950
Event: 3.707 Thread 0x000001f27d31ba10 Thread added: 0x000001f27d31ba10


Dynamic libraries:
0x00007ff7b5c30000 - 0x00007ff7b5c3e000 	C:\Users\aksha\.p2\pool\plugins\org.eclipse.justj.openjdk.hotspot.jre.full.win32.x86_64_22.0.1.v20240426-1149\jre\bin\javaw.exe
0x00007ff8b37a0000 - 0x00007ff8b3a05000 	C:\WINDOWS\SYSTEM32\ntdll.dll
0x00007ff88dac0000 - 0x00007ff88dae0000 	C:\Program Files\Norton\Suite\aswhook.dll
0x00007ff8b2aa0000 - 0x00007ff8b2b69000 	C:\WINDOWS\System32\KERNEL32.DLL
0x00007ff8b0c00000 - 0x00007ff8b0fe8000 	C:\WINDOWS\System32\KERNELBASE.dll
0x00007ff8b12b0000 - 0x00007ff8b13fb000 	C:\WINDOWS\System32\ucrtbase.dll
0x00007ff8a8b20000 - 0x00007ff8a8b3b000 	C:\Users\aksha\.p2\pool\plugins\org.eclipse.justj.openjdk.hotspot.jre.full.win32.x86_64_22.0.1.v20240426-1149\jre\bin\VCRUNTIME140.dll
0x00007ff8a6910000 - 0x00007ff8a6927000 	C:\Users\aksha\.p2\pool\plugins\org.eclipse.justj.openjdk.hotspot.jre.full.win32.x86_64_22.0.1.v20240426-1149\jre\bin\jli.dll
0x00007ff8b27d0000 - 0x00007ff8b299a000 	C:\WINDOWS\System32\USER32.dll
0x00007ff8b0bd0000 - 0x00007ff8b0bf7000 	C:\WINDOWS\System32\win32u.dll
0x00007ff89d7b0000 - 0x00007ff89da4a000 	C:\WINDOWS\WinSxS\amd64_microsoft.windows.common-controls_6595b64144ccf1df_6.0.26100.4202_none_3e0698d4e335f517\COMCTL32.dll
0x00007ff8b3380000 - 0x00007ff8b33ab000 	C:\WINDOWS\System32\GDI32.dll
0x00007ff8b3450000 - 0x00007ff8b34f9000 	C:\WINDOWS\System32\msvcrt.dll
0x00007ff8b1170000 - 0x00007ff8b12a7000 	C:\WINDOWS\System32\gdi32full.dll
0x00007ff8b1400000 - 0x00007ff8b14a3000 	C:\WINDOWS\System32\msvcp_win.dll
0x00007ff8b2710000 - 0x00007ff8b2740000 	C:\WINDOWS\System32\IMM32.DLL
0x00007ff8a6900000 - 0x00007ff8a690c000 	C:\Users\aksha\.p2\pool\plugins\org.eclipse.justj.openjdk.hotspot.jre.full.win32.x86_64_22.0.1.v20240426-1149\jre\bin\vcruntime140_1.dll
0x00007ff893700000 - 0x00007ff89378e000 	C:\Users\aksha\.p2\pool\plugins\org.eclipse.justj.openjdk.hotspot.jre.full.win32.x86_64_22.0.1.v20240426-1149\jre\bin\msvcp140.dll
0x00007ff8320f0000 - 0x00007ff832eb2000 	C:\Users\aksha\.p2\pool\plugins\org.eclipse.justj.openjdk.hotspot.jre.full.win32.x86_64_22.0.1.v20240426-1149\jre\bin\server\jvm.dll
0x00007ff8b18a0000 - 0x00007ff8b1953000 	C:\WINDOWS\System32\ADVAPI32.dll
0x00007ff8b1720000 - 0x00007ff8b17c6000 	C:\WINDOWS\System32\sechost.dll
0x00007ff8b2d30000 - 0x00007ff8b2e45000 	C:\WINDOWS\System32\RPCRT4.dll
0x00007ff8b1820000 - 0x00007ff8b1894000 	C:\WINDOWS\System32\WS2_32.dll
0x00007ff8b02e0000 - 0x00007ff8b033e000 	C:\WINDOWS\SYSTEM32\POWRPROF.dll
0x00007ff89dec0000 - 0x00007ff89def5000 	C:\WINDOWS\SYSTEM32\WINMM.dll
0x00007ff8a9d00000 - 0x00007ff8a9d0b000 	C:\WINDOWS\SYSTEM32\VERSION.dll
0x00007ff8b02c0000 - 0x00007ff8b02d4000 	C:\WINDOWS\SYSTEM32\UMPDC.dll
0x00007ff8af6b0000 - 0x00007ff8af6cb000 	C:\WINDOWS\SYSTEM32\kernel.appcore.dll
0x00007ff89dc00000 - 0x00007ff89dc0a000 	C:\Users\aksha\.p2\pool\plugins\org.eclipse.justj.openjdk.hotspot.jre.full.win32.x86_64_22.0.1.v20240426-1149\jre\bin\jimage.dll
0x00007ff8a8f60000 - 0x00007ff8a91a1000 	C:\WINDOWS\SYSTEM32\DBGHELP.DLL
0x00007ff8b19d0000 - 0x00007ff8b1d55000 	C:\WINDOWS\System32\combase.dll
0x00007ff8b1dd0000 - 0x00007ff8b1eb1000 	C:\WINDOWS\System32\OLEAUT32.dll
0x00007ff8a8f20000 - 0x00007ff8a8f59000 	C:\WINDOWS\SYSTEM32\dbgcore.DLL
0x00007ff8b08f0000 - 0x00007ff8b0989000 	C:\WINDOWS\System32\bcryptPrimitives.dll
0x00007ff868d70000 - 0x00007ff868d8e000 	C:\Users\aksha\.p2\pool\plugins\org.eclipse.justj.openjdk.hotspot.jre.full.win32.x86_64_22.0.1.v20240426-1149\jre\bin\java.dll
0x00007ff8b1fc0000 - 0x00007ff8b2702000 	C:\WINDOWS\System32\SHELL32.dll
0x00007ff8b0ff0000 - 0x00007ff8b1164000 	C:\WINDOWS\System32\wintypes.dll
0x00007ff8b2b70000 - 0x00007ff8b2d0e000 	C:\WINDOWS\System32\ole32.dll
0x00007ff844070000 - 0x00007ff844087000 	C:\Users\aksha\.p2\pool\plugins\org.eclipse.justj.openjdk.hotspot.jre.full.win32.x86_64_22.0.1.v20240426-1149\jre\bin\zip.dll
0x00007ff8ae590000 - 0x00007ff8aede8000 	C:\WINDOWS\SYSTEM32\windows.storage.dll
0x00007ff8b29a0000 - 0x00007ff8b2a91000 	C:\WINDOWS\System32\SHCORE.dll
0x00007ff8b1d60000 - 0x00007ff8b1dca000 	C:\WINDOWS\System32\shlwapi.dll
0x00007ff8b07d0000 - 0x00007ff8b07ff000 	C:\WINDOWS\SYSTEM32\profapi.dll
0x00007ff88b390000 - 0x00007ff88b3a0000 	C:\Users\aksha\.p2\pool\plugins\org.eclipse.justj.openjdk.hotspot.jre.full.win32.x86_64_22.0.1.v20240426-1149\jre\bin\net.dll
0x00007ff8afc20000 - 0x00007ff8afc8a000 	C:\WINDOWS\system32\mswsock.dll
0x00007ff843710000 - 0x00007ff843726000 	C:\Users\aksha\.p2\pool\plugins\org.eclipse.justj.openjdk.hotspot.jre.full.win32.x86_64_22.0.1.v20240426-1149\jre\bin\nio.dll

dbghelp: loaded successfully - version: 4.0.5 - missing functions: none
symbol engine: initialized successfully - sym options: 0x614 - pdb path: .;C:\Users\aksha\.p2\pool\plugins\org.eclipse.justj.openjdk.hotspot.jre.full.win32.x86_64_22.0.1.v20240426-1149\jre\bin;C:\WINDOWS\SYSTEM32;C:\Program Files\Norton\Suite;C:\WINDOWS\WinSxS\amd64_microsoft.windows.common-controls_6595b64144ccf1df_6.0.26100.4202_none_3e0698d4e335f517;C:\Users\aksha\.p2\pool\plugins\org.eclipse.justj.openjdk.hotspot.jre.full.win32.x86_64_22.0.1.v20240426-1149\jre\bin\server

VM Arguments:
jvm_args: -Dfile.encoding=UTF-8 -Dstdout.encoding=UTF-8 -Dstderr.encoding=UTF-8 -XX:+ShowCodeDetailsInExceptionMessages 
java_command: com.example.inventory.InventoryApplication
java_class_path (initial): C:\Users\aksha\Downloads\inventory-api-complete-backend\inventory-api\target\classes;C:\Users\aksha\.m2\repository\org\springframework\boot\spring-boot-starter-web\3.5.0\spring-boot-starter-web-3.5.0.jar;C:\Users\aksha\.m2\repository\org\springframework\boot\spring-boot-starter\3.5.0\spring-boot-starter-3.5.0.jar;C:\Users\aksha\.m2\repository\org\springframework\boot\spring-boot\3.5.0\spring-boot-3.5.0.jar;C:\Users\aksha\.m2\repository\org\springframework\boot\spring-boot-autoconfigure\3.5.0\spring-boot-autoconfigure-3.5.0.jar;C:\Users\aksha\.m2\repository\org\springframework\boot\spring-boot-starter-logging\3.5.0\spring-boot-starter-logging-3.5.0.jar;C:\Users\aksha\.m2\repository\ch\qos\logback\logback-classic\1.5.18\logback-classic-1.5.18.jar;C:\Users\aksha\.m2\repository\ch\qos\logback\logback-core\1.5.18\logback-core-1.5.18.jar;C:\Users\aksha\.m2\repository\org\apache\logging\log4j\log4j-to-slf4j\2.24.3\log4j-to-slf4j-2.24.3.jar;C:\Users\aksha\.m2\repository\org\apache\logging\log4j\log4j-api\2.24.3\log4j-api-2.24.3.jar;C:\Users\aksha\.m2\repository\org\slf4j\jul-to-slf4j\2.0.17\jul-to-slf4j-2.0.17.jar;C:\Users\aksha\.m2\repository\jakarta\annotation\jakarta.annotation-api\2.1.1\jakarta.annotation-api-2.1.1.jar;C:\Users\aksha\.m2\repository\org\springframework\spring-core\6.2.7\spring-core-6.2.7.jar;C:\Users\aksha\.m2\repository\org\springframework\spring-jcl\6.2.7\spring-jcl-6.2.7.jar;C:\Users\aksha\.m2\repository\org\yaml\snakeyaml\2.4\snakeyaml-2.4.jar;C:\Users\aksha\.m2\repository\org\springframework\boot\spring-boot-starter-json\3.5.0\spring-boot-starter-json-3.5.0.jar;C:\Users\aksha\.m2\repository\com\fasterxml\jackson\datatype\jackson-datatype-jdk8\2.19.0\jackson-datatype-jdk8-2.19.0.jar;C:\Users\aksha\.m2\repository\com\fasterxml\jackson\module\jackson-module-parameter-names\2.19.0\jackson-module-parameter-names-2.19.0.jar;C:\Users\aksha\.m2\repository\org\springframework\boot\spring-boot-starter-tomcat\3.5.0\spring-boot-starter-tomcat-3.5.0.jar;C:\Users\aksha\.m2\repository\org\apache\tomcat\embed\tomcat-embed-core\10.1.41\tomcat-embed-core-10.1.41.jar;C:\Users\aksha\.m2\repository\org\apache\tomcat\embed\tomcat-embed-el\10.1.41\tomcat-embed-el-10.1.41.jar;C:\Users\aksha\.m2\repository\org\apache\tomcat\embed\tomcat-embed-websocket\10.1.41\tomcat-embed-websocket-10.1.41.jar;C:\Users\aksha\.m2\repository\org\springframework\spring-web\6.2.7\spring-web-6.2.7.jar;C:\Users\aksha\.m2\repository\org\springframework\spring-beans\6.2.7\spring-beans-6.2.7.jar;C:\Users\aksha\.m2\repository\io\micrometer\micrometer-observation\1.14.7\micrometer-observation-1.14.7.jar;C:\Users\aksha\.m2\repository\io\micrometer\micrometer-commons\1.14.7\micrometer-commons-1.14.7.jar;C:\Users\aksha\.m2\repository\org\springframework\spring-webmvc\6.2.7\spring-webmvc-6.2.7.jar;C:\Users\aksha\.m2\repository\org\springframework\spring-context\6.2.7\spring-context-6.2.7.jar;C:\Users\aksha\.m2\repository\org\springframework\spring-expression\6.2.7\spring-expression-6.2.7.jar;C:\Users\aksha\.m2\repository\org\springframework\boot\spring-boot-starter-security\3.4.2\spring-boot-starter-security-3.4.2.jar;C:\Users\aksha\.m2\repository\org\springframework\spring-aop\6.2.2\spring-aop-6.2.2.jar;C:\Users\aksha\.m2\repository\org\springframework\security\spring-security-config\6.4.2\spring-security-config-6.4.2.jar;C:\Users\aksha\.m2\repository\org\springframework\security\spring-security-core\6.4.2\spring-security-core-6.4.2.jar;C:\Users\aksha\.m2\repository\org\springframework\security\spring-security-crypto\6.4.2\spring-security-crypto-6.4.2.jar;C:\Users\aksha\.m2\repository\org\springframework\security\spring-security-web\6.4.2\spring-security-web-6.4.2.jar;C:\Users\aksha\.m2\repository\org\springframework\boot\spring-boot-starter-data-jpa\3.4.4\spring-boot-starter-data-jpa-3.4.4.jar;C:\Users\aksha\.m2\repository\org\springframework\boot\spring-boot-starter-jdbc\3.4.4\spring-boot-starter-jdbc-3.4.4.jar;C:\Users\aksha\.m2\repository\com\zaxxer\HikariCP\5.1.0\HikariCP-5.1.0.jar;C:\Users\aksha\.m2\repository\org\springframework\spring-jdbc\6.2.5\spring-jdbc-6.2.5.jar;C:\Users\aksha\.m2\repository\org\hibernate\orm\hibernate-core\6.6.11.Final\hibernate-core-6.6.11.Final.jar;C:\Users\aksha\.m2\repository\jakarta\persistence\jakarta.persistence-api\3.1.0\jakarta.persistence-api-3.1.0.jar;C:\Users\aksha\.m2\repository\jakarta\transaction\jakarta.transaction-api\2.0.1\jakarta.transaction-api-2.0.1.jar;C:\Users\aksha\.m2\repository\org\jboss\logging\jboss-logging\3.5.0.Final\jboss-logging-3.5.0.Final.jar;C:\Users\aksha\.m2\repository\org\hibernate\common\hibernate-commons-annotations\7.0.3.Final\hibernate-commons-annotations-7.0.3.Final.jar;C:\Users\aksha\.m2\repository\io\smallrye\jandex\3.2.0\jandex-3.2.0.jar;C:\Users\aksha\.m2\repository\com\fasterxml\classmate\1.5.1\classmate-1.5.1.jar;C:\Users\aksha\.m2\repository\net\bytebuddy\byte-buddy\1.15.11\byte-buddy-1.15.11.jar;C:\Users\aksha\.m2\repository\jakarta\xml\bind\jakarta.xml.bind-api\4.0.0\jakarta.xml.bind-api-4.0.0.jar;C:\Users\aksha\.m2\repository\jakarta\activation\jakarta.activation-api\2.1.0\jakarta.activation-api-2.1.0.jar;C:\Users\aksha\.m2\repository\org\glassfish\jaxb\jaxb-runtime\4.0.2\jaxb-runtime-4.0.2.jar;C:\Users\aksha\.m2\repository\org\glassfish\jaxb\jaxb-core\4.0.2\jaxb-core-4.0.2.jar;C:\Users\aksha\.m2\repository\org\eclipse\angus\angus-activation\2.0.0\angus-activation-2.0.0.jar;C:\Users\aksha\.m2\repository\org\glassfish\jaxb\txw2\4.0.2\txw2-4.0.2.jar;C:\Users\aksha\.m2\repository\com\sun\istack\istack-commons-runtime\4.1.1\istack-commons-runtime-4.1.1.jar;C:\Users\aksha\.m2\repository\jakarta\inject\jakarta.inject-api\2.0.1\jakarta.inject-api-2.0.1.jar;C:\Users\aksha\.m2\repository\org\antlr\antlr4-runtime\4.13.0\antlr4-runtime-4.13.0.jar;C:\Users\aksha\.m2\repository\org\springframework\data\spring-data-jpa\3.4.4\spring-data-jpa-3.4.4.jar;C:\Users\aksha\.m2\repository\org\springframework\data\spring-data-commons\3.4.4\spring-data-commons-3.4.4.jar;C:\Users\aksha\.m2\repository\org\springframework\spring-orm\6.2.4\spring-orm-6.2.4.jar;C:\Users\aksha\.m2\repository\org\springframework\spring-tx\6.2.4\spring-tx-6.2.4.jar;C:\Users\aksha\.m2\repository\org\slf4j\slf4j-api\2.0.2\slf4j-api-2.0.2.jar;C:\Users\aksha\.m2\repository\org\springframework\spring-aspects\6.2.5\spring-aspects-6.2.5.jar;C:\Users\aksha\.m2\repository\org\aspectj\aspectjweaver\1.9.22.1\aspectjweaver-1.9.22.1.jar;C:\Users\aksha\.m2\repository\com\mysql\mysql-connector-j\8.3.0\mysql-connector-j-8.3.0.jar;C:\Users\aksha\.m2\repository\com\google\protobuf\protobuf-java\3.25.1\protobuf-java-3.25.1.jar;C:\Users\aksha\.m2\repository\io\jsonwebtoken\jjwt\0.9.1\jjwt-0.9.1.jar;C:\Users\aksha\.m2\repository\com\fasterxml\jackson\core\jackson-core\2.17.1\jackson-core-2.17.1.jar;C:\Users\aksha\.m2\repository\com\fasterxml\jackson\core\jackson-databind\2.17.1\jackson-databind-2.17.1.jar;C:\Users\aksha\.m2\repository\com\fasterxml\jackson\core\jackson-annotations\2.17.1\jackson-annotations-2.17.1.jar;C:\Users\aksha\.m2\repository\com\fasterxml\jackson\datatype\jackson-datatype-jsr310\2.17.1\jackson-datatype-jsr310-2.17.1.jar
Launcher Type: SUN_STANDARD

[Global flags]
     intx CICompilerCount                          = 4                                         {product} {ergonomic}
     uint ConcGCThreads                            = 2                                         {product} {ergonomic}
     uint G1ConcRefinementThreads                  = 8                                         {product} {ergonomic}
   size_t G1HeapRegionSize                         = 1048576                                   {product} {ergonomic}
   size_t InitialHeapSize                          = 132120576                                 {product} {ergonomic}
   size_t MarkStackSize                            = 4194304                                   {product} {ergonomic}
   size_t MaxHeapSize                              = 2107637760                                {product} {ergonomic}
   size_t MaxNewSize                               = 1264582656                                {product} {ergonomic}
   size_t MinHeapDeltaBytes                        = 1048576                                   {product} {ergonomic}
   size_t MinHeapSize                              = 8388608                                   {product} {ergonomic}
    uintx NonNMethodCodeHeapSize                   = 5839372                                {pd product} {ergonomic}
    uintx NonProfiledCodeHeapSize                  = 122909434                              {pd product} {ergonomic}
    uintx ProfiledCodeHeapSize                     = 122909434                              {pd product} {ergonomic}
    uintx ReservedCodeCacheSize                    = 251658240                              {pd product} {ergonomic}
     bool SegmentedCodeCache                       = true                                      {product} {ergonomic}
     bool ShowCodeDetailsInExceptionMessages       = true                                   {manageable} {command line}
   size_t SoftMaxHeapSize                          = 2107637760                             {manageable} {ergonomic}
     bool UseCompressedOops                        = true                           {product lp64_product} {ergonomic}
     bool UseG1GC                                  = true                                      {product} {ergonomic}
     bool UseLargePagesIndividualAllocation        = false                                  {pd product} {ergonomic}

Logging:
Log output configuration:
 #0: stdout all=warning uptime,level,tags foldmultilines=false
 #1: stderr all=off uptime,level,tags foldmultilines=false

Environment Variables:
PATH=C:/Users/aksha/.p2/pool/plugins/org.eclipse.justj.openjdk.hotspot.jre.full.win32.x86_64_22.0.1.v20240426-1149/jre/bin/server;C:/Users/aksha/.p2/pool/plugins/org.eclipse.justj.openjdk.hotspot.jre.full.win32.x86_64_22.0.1.v20240426-1149/jre/bin;C:\app\aksha\product\21c\dbhomeXE\bin;C:\Program Files\Common Files\Oracle\Java\javapath;C:\Program Files (x86)\Intel\Intel(R) Management Engine Components\iCLS\;C:\Program Files\Intel\Intel(R) Management Engine Components\iCLS\;C:\Windows\system32;C:\Windows;C:\Windows\System32\Wbem;C:\Windows\System32\WindowsPowerShell\v1.0\;C:\Program Files (x86)\Intel\Intel(R) Management Engine Components\DAL;C:\Program Files\Intel\Intel(R) Management Engine Components\DAL;C:\Program Files (x86)\Intel\Intel(R) Management Engine Components\IPT;C:\Program Files\Intel\Intel(R) Management Engine Components\IPT;C:\Program Files (x86)\NVIDIA Corporation\PhysX\Common;C:\Program Files\Intel\WiFi\bin\;C:\Program Files\Common Files\Intel\WirelessCommon\;C:\WINDOWS\system32;C:\WINDOWS;C:\WINDOWS\System32\Wbem;C:\WINDOWS\System32\WindowsPowerShell\v1.0\;C:\WINDOWS\System32\OpenSSH\;C:\Program Files\Java\jdk-20\bin;C:\Program Files\MySQL\MySQL Server 8.0\bin;C:\Program Files\nodejs\;C:\Program Files\MongoDB\Server\8.0\bin;C:\Program Files\Git\cmd;C:\Users\aksha\AppData\Local\Programs\Python\Python313\Scripts\;C:\Users\aksha\AppData\Local\Programs\Python\Python313\;C:\Users\aksha\AppData\Local\Programs\Python\Launcher\;C:\Program Files\MySQL\MySQL Shell 8.0\bin\;C:\Users\aksha\AppData\Local\Microsoft\WindowsApps;C:\Program Files\JetBrains\IntelliJ IDEA Community Edition 2024.1.4\bin;;C:\Users\aksha\AppData\Roaming\npm;C:\Users\aksha\AppData\Local\Programs\mongosh\;C:\Users\aksha\AppData\Local\GitHubDesktop\bin;C:\Users\aksha\AppData\Local\Programs\cursor\resources\app\bin;C:\Users\aksha\AppData\Local\Programs\Microsoft VS Code\bin;C:\Users\aksha\OneDrive\Desktop;
USERNAME=aksha
OS=Windows_NT
PROCESSOR_IDENTIFIER=Intel64 Family 6 Model 158 Stepping 10, GenuineIntel
TMP=C:\Users\aksha\AppData\Local\Temp
TEMP=C:\Users\aksha\AppData\Local\Temp




Periodic native trim disabled

---------------  S Y S T E M  ---------------

OS:
 Windows 11 , 64 bit Build 26100 (10.0.26100.4202)
OS uptime: 0 days 1:32 hours

CPU: total 8 (initial active 8) (4 cores per cpu, 2 threads per core) family 6 model 158 stepping 10 microcode 0xde, cx8, cmov, fxsr, ht, mmx, 3dnowpref, sse, sse2, sse3, ssse3, sse4.1, sse4.2, popcnt, lzcnt, tsc, tscinvbit, avx, avx2, aes, erms, clmul, bmi1, bmi2, adx, fma, vzeroupper, clflush, clflushopt, rdtscp, f16c
Processor Information for all 8 processors :
  Max Mhz: 2304, Current Mhz: 2304, Mhz Limit: 2304

Memory: 4k page, system-wide physical 8034M (1208M free)
TotalPageFile size 10082M (AvailPageFile size 1M)
current process WorkingSet (physical memory assigned to process): 103M, peak: 103M
current process commit charge ("private bytes"): 234M, peak: 235M

vm_info: OpenJDK 64-Bit Server VM (22.0.1+8) for windows-amd64 JRE (22.0.1+8), built on 2024-04-16T00:00:00Z by "admin" with MS VC++ 17.7 (VS2022)

END.
