#
# There is insufficient memory for the Java Runtime Environment to continue.
# Native memory allocation (mmap) failed to map 1048576 bytes. Error detail: G1 virtual space
# Possible reasons:
#   The system is out of physical RAM or swap space
#   This process is running with CompressedOops enabled, and the Java Heap may be blocking the growth of the native heap
# Possible solutions:
#   Reduce memory load on the system
#   Increase physical memory or swap space
#   Check if swap backing store is full
#   Decrease Java heap size (-Xmx/-Xms)
#   Decrease number of Java threads
#   Decrease Java thread stack sizes (-Xss)
#   Set larger code cache with -XX:ReservedCodeCacheSize=
#   JVM is running with Unscaled Compressed Oops mode in which the Java heap is
#     placed in the first 4GB address space. The Java Heap base address is the
#     maximum limit for the native heap growth. Please use -XX:HeapBaseMinAddress
#     to set the Java Heap base and to place the Java Heap above 4GB virtual address.
# This output file may be truncated or incomplete.
#
#  Out of Memory Error (os_windows.cpp:3631), pid=1108, tid=6924
#
# JRE version: OpenJDK Runtime Environment Temurin-22.0.1+8 (22.0.1+8) (build 22.0.1+8)
# Java VM: OpenJDK 64-Bit Server VM Temurin-22.0.1+8 (22.0.1+8, mixed mode, tiered, compressed oops, compressed class ptrs, g1 gc, windows-amd64)
# No core dump will be written. Minidumps are not enabled by default on client versions of Windows
#

---------------  S U M M A R Y ------------

Command Line: -Dmaven.home=EMBEDDED -Dclassworlds.conf=C:\Users\aksha\eclipse-workspace\.metadata\.plugins\org.eclipse.m2e.launching\launches\m2conf6155228896864555501.tmp -Dmaven.multiModuleProjectDirectory=C:\Users\aksha\Downloads\inventory-api-complete-backend\inventory-api -Dm2e.build.project.data.socket.port=3958 -Dfile.encoding=UTF-8 -Dstdout.encoding=UTF-8 -Dstderr.encoding=UTF-8 -XX:+ShowCodeDetailsInExceptionMessages org.codehaus.plexus.classworlds.launcher.Launcher -B -Dstyle.color=always install

Host: Intel(R) Core(TM) i5-8300H CPU @ 2.30GHz, 8 cores, 7G,  Windows 11 , 64 bit Build 26100 (10.0.26100.4202)
Time: Mon Jun 30 00:40:22 2025 India Standard Time elapsed time: 15.880098 seconds (0d 0h 0m 15s)

---------------  T H R E A D  ---------------

Current thread (0x000001b47ae71450):  WorkerThread "GC Thread#1"    [id=6924, stack(0x00000031d2900000,0x00000031d2a00000) (1024K)]

Stack: [0x00000031d2900000,0x00000031d2a00000]
Native frames: (J=compiled Java code, j=interpreted, Vv=VM code, C=native code)
V  [jvm.dll+0x6ea239]  (no source info available)
V  [jvm.dll+0x8ccf93]  (no source info available)
V  [jvm.dll+0x8cf3be]  (no source info available)
V  [jvm.dll+0x8cfa93]  (no source info available)
V  [jvm.dll+0x286ea6]  (no source info available)
V  [jvm.dll+0x6e68c5]  (no source info available)
V  [jvm.dll+0x6db54a]  (no source info available)
V  [jvm.dll+0x3601ba]  (no source info available)
V  [jvm.dll+0x368686]  (no source info available)
V  [jvm.dll+0x3ba13b]  (no source info available)
V  [jvm.dll+0x3ba7d4]  (no source info available)
V  [jvm.dll+0x3ba89d]  (no source info available)
V  [jvm.dll+0x33531c]  (no source info available)
V  [jvm.dll+0x33504d]  (no source info available)
V  [jvm.dll+0x323f45]  (no source info available)
V  [jvm.dll+0x324316]  (no source info available)
V  [jvm.dll+0x324faa]  (no source info available)
V  [jvm.dll+0x325405]  (no source info available)
V  [jvm.dll+0x324ebc]  (no source info available)
V  [jvm.dll+0x361f81]  (no source info available)
V  [jvm.dll+0x36237a]  (no source info available)
V  [jvm.dll+0x36383f]  (no source info available)
V  [jvm.dll+0x3632d6]  (no source info available)
V  [jvm.dll+0x377cd9]  (no source info available)
V  [jvm.dll+0x3783fa]  (no source info available)
V  [jvm.dll+0x3784e7]  (no source info available)
V  [jvm.dll+0x37958b]  (no source info available)
V  [jvm.dll+0x8fc037]  (no source info available)
V  [jvm.dll+0x87538b]  (no source info available)
V  [jvm.dll+0x6e8935]  (no source info available)
C  [ucrtbase.dll+0x37b0]  (no source info available)
C  [KERNEL32.DLL+0x2e8d7]  (no source info available)
C  [ntdll.dll+0x3c34c]  (no source info available)


---------------  P R O C E S S  ---------------

Threads class SMR info:
_java_thread_list=0x000001b47a88c0c0, length=13, elements={
0x000001b45b213220, 0x000001b475564a40, 0x000001b475565850, 0x000001b47556ba80,
0x000001b47556ce30, 0x000001b47556db50, 0x000001b47556c110, 0x000001b475587270,
0x000001b4755880d0, 0x000001b47556b3f0, 0x000001b47556c7a0, 0x000001b47bb15010,
0x000001b47bb156e0
}

Java Threads: ( => current thread )
  0x000001b45b213220 JavaThread "main"                              [_thread_blocked, id=7432, stack(0x00000031d1500000,0x00000031d1600000) (1024K)]
  0x000001b475564a40 JavaThread "Reference Handler"          daemon [_thread_blocked, id=11412, stack(0x00000031d1d00000,0x00000031d1e00000) (1024K)]
  0x000001b475565850 JavaThread "Finalizer"                  daemon [_thread_blocked, id=7812, stack(0x00000031d1e00000,0x00000031d1f00000) (1024K)]
  0x000001b47556ba80 JavaThread "Signal Dispatcher"          daemon [_thread_blocked, id=552, stack(0x00000031d1f00000,0x00000031d2000000) (1024K)]
  0x000001b47556ce30 JavaThread "Attach Listener"            daemon [_thread_blocked, id=1688, stack(0x00000031d2000000,0x00000031d2100000) (1024K)]
  0x000001b47556db50 JavaThread "Service Thread"             daemon [_thread_blocked, id=7280, stack(0x00000031d2100000,0x00000031d2200000) (1024K)]
  0x000001b47556c110 JavaThread "Monitor Deflation Thread"   daemon [_thread_blocked, id=9096, stack(0x00000031d2200000,0x00000031d2300000) (1024K)]
  0x000001b475587270 JavaThread "C2 CompilerThread0"         daemon [_thread_blocked, id=14540, stack(0x00000031d2300000,0x00000031d2400000) (1024K)]
  0x000001b4755880d0 JavaThread "C1 CompilerThread0"         daemon [_thread_blocked, id=9392, stack(0x00000031d2400000,0x00000031d2500000) (1024K)]
  0x000001b47556b3f0 JavaThread "Notification Thread"        daemon [_thread_blocked, id=4056, stack(0x00000031d2500000,0x00000031d2600000) (1024K)]
  0x000001b47556c7a0 JavaThread "Common-Cleaner"             daemon [_thread_blocked, id=1300, stack(0x00000031d2600000,0x00000031d2700000) (1024K)]
  0x000001b47bb15010 JavaThread "C2 CompilerThread1"         daemon [_thread_blocked, id=8820, stack(0x00000031d2700000,0x00000031d2800000) (1024K)]
  0x000001b47bb156e0 JavaThread "C2 CompilerThread2"         daemon [_thread_blocked, id=13964, stack(0x00000031d2800000,0x00000031d2900000) (1024K)]
Total: 13

Other Threads:
  0x000001b475513340 VMThread "VM Thread"                           [id=13172, stack(0x00000031d1c00000,0x00000031d1d00000) (1024K)]
  0x000001b474e1d1b0 WatcherThread "VM Periodic Task Thread"        [id=4300, stack(0x00000031d1b00000,0x00000031d1c00000) (1024K)]
  0x000001b45b59c220 WorkerThread "GC Thread#0"                     [id=3404, stack(0x00000031d1600000,0x00000031d1700000) (1024K)]
=>0x000001b47ae71450 WorkerThread "GC Thread#1"                     [id=6924, stack(0x00000031d2900000,0x00000031d2a00000) (1024K)]
  0x000001b47ae71800 WorkerThread "GC Thread#2"                     [id=4204, stack(0x00000031d2a00000,0x00000031d2b00000) (1024K)]
  0x000001b47adbfcd0 WorkerThread "GC Thread#3"                     [id=3412, stack(0x00000031d2b00000,0x00000031d2c00000) (1024K)]
  0x000001b47b0d5100 WorkerThread "GC Thread#4"                     [id=1924, stack(0x00000031d2c00000,0x00000031d2d00000) (1024K)]
  0x000001b47b75a0c0 WorkerThread "GC Thread#5"                     [id=1324, stack(0x00000031d2d00000,0x00000031d2e00000) (1024K)]
  0x000001b47b4350a0 WorkerThread "GC Thread#6"                     [id=2596, stack(0x00000031d2e00000,0x00000031d2f00000) (1024K)]
  0x000001b47b0081d0 WorkerThread "GC Thread#7"                     [id=7456, stack(0x00000031d2f00000,0x00000031d3000000) (1024K)]
  0x000001b45b5ae3f0 ConcurrentGCThread "G1 Main Marker"            [id=7624, stack(0x00000031d1700000,0x00000031d1800000) (1024K)]
  0x000001b45b5aee10 WorkerThread "G1 Conc#0"                       [id=1776, stack(0x00000031d1800000,0x00000031d1900000) (1024K)]
  0x000001b47a486530 WorkerThread "G1 Conc#1"                       [id=9648, stack(0x00000031d3000000,0x00000031d3100000) (1024K)]
  0x000001b45b5fea00 ConcurrentGCThread "G1 Refine#0"               [id=16892, stack(0x00000031d1900000,0x00000031d1a00000) (1024K)]
  0x000001b474cec0b0 ConcurrentGCThread "G1 Service"                [id=7836, stack(0x00000031d1a00000,0x00000031d1b00000) (1024K)]
Total: 15

Threads with active compile tasks:
C2 CompilerThread0  16067 5306   !   4       jdk.nio.zipfs.ZipFileSystem::getFileAttributes (169 bytes)
C2 CompilerThread1  16067 5305       4       jdk.nio.zipfs.ZipPath::readAttributes (58 bytes)
C2 CompilerThread2  16067 5304       4       jdk.nio.zipfs.ZipFileSystemProvider::readAttributes (9 bytes)
Total: 3

VM state: at safepoint (normal execution)

VM Mutex/Monitor currently owned by a thread:  ([mutex/lock_event])
[0x00007ff8f774da28] FreeList_lock - owner thread: 0x000001b47ae71450
[0x00007ff8f774ffa8] Threads_lock - owner thread: 0x000001b475513340
[0x00007ff8f77500a8] Heap_lock - owner thread: 0x000001b45b213220

Heap address: 0x0000000082600000, size: 2010 MB, Compressed Oops mode: 32-bit

CDS archive(s) not mapped
Compressed class space mapped at: 0x0000000015000000-0x0000000055000000, reserved size: 1073741824
Narrow klass base: 0x0000000000000000, Narrow klass shift: 0, Narrow klass range: 0x55000000

GC Precious Log:
 CardTable entry size: 512
 Card Set container configuration: InlinePtr #cards 5 size 8 Array Of Cards #cards 12 size 40 Howl #buckets 4 coarsen threshold 1843 Howl Bitmap #cards 512 size 80 coarsen threshold 460 Card regions per heap region 1 cards per card region 2048
 CPUs: 8 total, 8 available
 Memory: 8034M
 Large Page Support: Disabled
 NUMA Support: Disabled
 Compressed Oops: Enabled (32-bit)
 Heap Region Size: 1M
 Heap Min Capacity: 8M
 Heap Initial Capacity: 126M
 Heap Max Capacity: 2010M
 Pre-touch: Disabled
 Parallel Workers: 8
 Concurrent Workers: 2
 Concurrent Refinement Workers: 8
 Periodic GC: Disabled

Heap:
 garbage-first heap   total reserved 2058240K, committed 73728K, used 61294K [0x0000000082600000, 0x0000000100000000)
  region size 1024K, 45 young (46080K), 5 survivors (5120K)
 Metaspace       used 37179K, committed 37504K, reserved 1114112K
  class space    used 4028K, committed 4160K, reserved 1048576K

Heap Regions: E=young(eden), S=young(survivor), O=old, HS=humongous(starts), HC=humongous(continues), CS=collection set, F=free, TAMS=top-at-mark-start, PB=parsable bottom
|   0|0x0000000082600000, 0x0000000082700000, 0x0000000082700000|100%| O|  |TAMS 0x0000000082600000| PB 0x0000000082600000| Untracked |  0
|   1|0x0000000082700000, 0x0000000082800000, 0x0000000082800000|100%| O|  |TAMS 0x0000000082700000| PB 0x0000000082700000| Untracked |  0
|   2|0x0000000082800000, 0x0000000082900000, 0x0000000082900000|100%| O|  |TAMS 0x0000000082800000| PB 0x0000000082800000| Untracked |  0
|   3|0x0000000082900000, 0x0000000082a00000, 0x0000000082a00000|100%| O|  |TAMS 0x0000000082900000| PB 0x0000000082900000| Untracked |  0
|   4|0x0000000082a00000, 0x0000000082b00000, 0x0000000082b00000|100%| O|Cm|TAMS 0x0000000082a00000| PB 0x0000000082a00000| Complete |  0
|   5|0x0000000082b00000, 0x0000000082c00000, 0x0000000082c00000|100%| O|  |TAMS 0x0000000082b00000| PB 0x0000000082b00000| Untracked |  0
|   6|0x0000000082c00000, 0x0000000082d00000, 0x0000000082d00000|100%| O|  |TAMS 0x0000000082c00000| PB 0x0000000082c00000| Untracked |  0
|   7|0x0000000082d00000, 0x0000000082e00000, 0x0000000082e00000|100%| O|  |TAMS 0x0000000082d00000| PB 0x0000000082d00000| Untracked |  0
|   8|0x0000000082e00000, 0x0000000082f00000, 0x0000000082f00000|100%| O|  |TAMS 0x0000000082e00000| PB 0x0000000082e00000| Untracked |  0
|   9|0x0000000082f00000, 0x0000000083000000, 0x0000000083000000|100%| O|  |TAMS 0x0000000082f00000| PB 0x0000000082f00000| Untracked |  0
|  10|0x0000000083000000, 0x0000000083100000, 0x0000000083100000|100%|HS|  |TAMS 0x0000000083000000| PB 0x0000000083000000| Complete |  0
|  11|0x0000000083100000, 0x0000000083200000, 0x0000000083200000|100%|HS|  |TAMS 0x0000000083100000| PB 0x0000000083100000| Complete |  0
|  12|0x0000000083200000, 0x0000000083300000, 0x0000000083300000|100%| O|  |TAMS 0x0000000083200000| PB 0x0000000083200000| Untracked |  0
|  13|0x0000000083300000, 0x00000000833dbab0, 0x0000000083400000| 85%| O|  |TAMS 0x0000000083300000| PB 0x0000000083300000| Untracked |  0
|  14|0x0000000083400000, 0x0000000083500000, 0x0000000083500000|100%| O|  |TAMS 0x0000000083400000| PB 0x0000000083400000| Untracked |  0
|  15|0x0000000083500000, 0x0000000083600000, 0x0000000083600000|100%| O|  |TAMS 0x0000000083500000| PB 0x0000000083500000| Untracked |  0
|  16|0x0000000083600000, 0x0000000083700000, 0x0000000083700000|100%| O|  |TAMS 0x0000000083600000| PB 0x0000000083600000| Untracked |  0
|  17|0x0000000083700000, 0x0000000083800000, 0x0000000083800000|100%| S|  |TAMS 0x0000000083700000| PB 0x0000000083700000| Complete |  0
|  18|0x0000000083800000, 0x0000000083900000, 0x0000000083900000|100%| E|CS|TAMS 0x0000000083800000| PB 0x0000000083800000| Complete |  0
|  19|0x0000000083900000, 0x0000000083a00000, 0x0000000083a00000|100%| E|CS|TAMS 0x0000000083900000| PB 0x0000000083900000| Complete |  0
|  20|0x0000000083a00000, 0x0000000083b00000, 0x0000000083b00000|100%| E|CS|TAMS 0x0000000083a00000| PB 0x0000000083a00000| Complete |  0
|  21|0x0000000083b00000, 0x0000000083c00000, 0x0000000083c00000|100%| E|CS|TAMS 0x0000000083b00000| PB 0x0000000083b00000| Complete |  0
|  22|0x0000000083c00000, 0x0000000083d00000, 0x0000000083d00000|100%| E|CS|TAMS 0x0000000083c00000| PB 0x0000000083c00000| Complete |  0
|  23|0x0000000083d00000, 0x0000000083e00000, 0x0000000083e00000|100%| E|CS|TAMS 0x0000000083d00000| PB 0x0000000083d00000| Complete |  0
|  24|0x0000000083e00000, 0x0000000083f00000, 0x0000000083f00000|100%| E|CS|TAMS 0x0000000083e00000| PB 0x0000000083e00000| Complete |  0
|  25|0x0000000083f00000, 0x0000000084000000, 0x0000000084000000|100%| E|CS|TAMS 0x0000000083f00000| PB 0x0000000083f00000| Complete |  0
|  26|0x0000000084000000, 0x0000000084100000, 0x0000000084100000|100%| E|CS|TAMS 0x0000000084000000| PB 0x0000000084000000| Complete |  0
|  27|0x0000000084100000, 0x0000000084200000, 0x0000000084200000|100%| E|CS|TAMS 0x0000000084100000| PB 0x0000000084100000| Complete |  0
|  28|0x0000000084200000, 0x0000000084300000, 0x0000000084300000|100%| E|CS|TAMS 0x0000000084200000| PB 0x0000000084200000| Complete |  0
|  29|0x0000000084300000, 0x0000000084400000, 0x0000000084400000|100%| E|CS|TAMS 0x0000000084300000| PB 0x0000000084300000| Complete |  0
|  30|0x0000000084400000, 0x0000000084500000, 0x0000000084500000|100%| E|CS|TAMS 0x0000000084400000| PB 0x0000000084400000| Complete |  0
|  31|0x0000000084500000, 0x0000000084600000, 0x0000000084600000|100%| E|CS|TAMS 0x0000000084500000| PB 0x0000000084500000| Complete |  0
|  32|0x0000000084600000, 0x0000000084700000, 0x0000000084700000|100%| E|CS|TAMS 0x0000000084600000| PB 0x0000000084600000| Complete |  0
|  33|0x0000000084700000, 0x0000000084800000, 0x0000000084800000|100%| E|CS|TAMS 0x0000000084700000| PB 0x0000000084700000| Complete |  0
|  34|0x0000000084800000, 0x0000000084900000, 0x0000000084900000|100%| E|CS|TAMS 0x0000000084800000| PB 0x0000000084800000| Complete |  0
|  35|0x0000000084900000, 0x0000000084a00000, 0x0000000084a00000|100%| E|CS|TAMS 0x0000000084900000| PB 0x0000000084900000| Complete |  0
|  36|0x0000000084a00000, 0x0000000084b00000, 0x0000000084b00000|100%| E|CS|TAMS 0x0000000084a00000| PB 0x0000000084a00000| Complete |  0
|  37|0x0000000084b00000, 0x0000000084c00000, 0x0000000084c00000|100%| E|CS|TAMS 0x0000000084b00000| PB 0x0000000084b00000| Complete |  0
|  38|0x0000000084c00000, 0x0000000084d00000, 0x0000000084d00000|100%| E|CS|TAMS 0x0000000084c00000| PB 0x0000000084c00000| Complete |  0
|  39|0x0000000084d00000, 0x0000000084e00000, 0x0000000084e00000|100%| E|CS|TAMS 0x0000000084d00000| PB 0x0000000084d00000| Complete |  0
|  40|0x0000000084e00000, 0x0000000084f00000, 0x0000000084f00000|100%| E|CS|TAMS 0x0000000084e00000| PB 0x0000000084e00000| Complete |  0
|  41|0x0000000084f00000, 0x0000000085000000, 0x0000000085000000|100%| E|CS|TAMS 0x0000000084f00000| PB 0x0000000084f00000| Complete |  0
|  42|0x0000000085000000, 0x0000000085100000, 0x0000000085100000|100%| E|CS|TAMS 0x0000000085000000| PB 0x0000000085000000| Complete |  0
|  43|0x0000000085100000, 0x0000000085200000, 0x0000000085200000|100%| E|CS|TAMS 0x0000000085100000| PB 0x0000000085100000| Complete |  0
|  44|0x0000000085200000, 0x0000000085300000, 0x0000000085300000|100%| E|CS|TAMS 0x0000000085200000| PB 0x0000000085200000| Complete |  0
|  45|0x0000000085300000, 0x0000000085400000, 0x0000000085400000|100%| E|CS|TAMS 0x0000000085300000| PB 0x0000000085300000| Complete |  0
|  46|0x0000000085400000, 0x0000000085500000, 0x0000000085500000|100%| E|CS|TAMS 0x0000000085400000| PB 0x0000000085400000| Complete |  0
|  47|0x0000000085500000, 0x0000000085600000, 0x0000000085600000|100%| E|CS|TAMS 0x0000000085500000| PB 0x0000000085500000| Complete |  0
|  48|0x0000000085600000, 0x0000000085700000, 0x0000000085700000|100%| E|CS|TAMS 0x0000000085600000| PB 0x0000000085600000| Complete |  0
|  49|0x0000000085700000, 0x0000000085800000, 0x0000000085800000|100%| E|CS|TAMS 0x0000000085700000| PB 0x0000000085700000| Complete |  0
|  50|0x0000000085800000, 0x0000000085900000, 0x0000000085900000|100%| E|CS|TAMS 0x0000000085800000| PB 0x0000000085800000| Complete |  0
|  51|0x0000000085900000, 0x0000000085a00000, 0x0000000085a00000|100%| E|CS|TAMS 0x0000000085900000| PB 0x0000000085900000| Complete |  0
|  52|0x0000000085a00000, 0x0000000085b00000, 0x0000000085b00000|100%| E|CS|TAMS 0x0000000085a00000| PB 0x0000000085a00000| Complete |  0
|  53|0x0000000085b00000, 0x0000000085c00000, 0x0000000085c00000|100%| E|CS|TAMS 0x0000000085b00000| PB 0x0000000085b00000| Complete |  0
|  54|0x0000000085c00000, 0x0000000085d00000, 0x0000000085d00000|100%| E|CS|TAMS 0x0000000085c00000| PB 0x0000000085c00000| Complete |  0
|  55|0x0000000085d00000, 0x0000000085e00000, 0x0000000085e00000|100%| E|CS|TAMS 0x0000000085d00000| PB 0x0000000085d00000| Complete |  0
|  56|0x0000000085e00000, 0x0000000085f00000, 0x0000000085f00000|100%| E|CS|TAMS 0x0000000085e00000| PB 0x0000000085e00000| Complete |  0
|  57|0x0000000085f00000, 0x0000000086000000, 0x0000000086000000|100%| E|CS|TAMS 0x0000000085f00000| PB 0x0000000085f00000| Complete |  0
|  58|0x0000000086000000, 0x0000000086100000, 0x0000000086100000|100%| E|CS|TAMS 0x0000000086000000| PB 0x0000000086000000| Complete |  0
|  59|0x0000000086100000, 0x0000000086200000, 0x0000000086200000|100%| E|CS|TAMS 0x0000000086100000| PB 0x0000000086100000| Complete |  0
|  60|0x0000000086200000, 0x0000000086300000, 0x0000000086300000|100%| E|CS|TAMS 0x0000000086200000| PB 0x0000000086200000| Complete |  0
|  61|0x0000000086300000, 0x0000000086400000, 0x0000000086400000|100%| E|CS|TAMS 0x0000000086300000| PB 0x0000000086300000| Complete |  0
|  62|0x0000000086400000, 0x0000000086500000, 0x0000000086500000|100%| S|  |TAMS 0x0000000086400000| PB 0x0000000086400000| Complete |  0
|  63|0x0000000086500000, 0x0000000086600000, 0x0000000086600000|100%| S|  |TAMS 0x0000000086500000| PB 0x0000000086500000| Complete |  0
|  64|0x0000000086600000, 0x0000000086700000, 0x0000000086700000|100%| S|  |TAMS 0x0000000086600000| PB 0x0000000086600000| Complete |  0
|  65|0x0000000086700000, 0x0000000086800000, 0x0000000086800000|100%| S|  |TAMS 0x0000000086700000| PB 0x0000000086700000| Complete |  0
| 124|0x000000008a200000, 0x000000008a300000, 0x000000008a300000|100%| E|CS|TAMS 0x000000008a200000| PB 0x000000008a200000| Complete |  0
| 125|0x000000008a300000, 0x000000008a400000, 0x000000008a400000|100%| E|CS|TAMS 0x000000008a300000| PB 0x000000008a300000| Complete |  0
|2006|0x00000000ffc00000, 0x00000000ffc241a8, 0x00000000ffd00000| 14%| O|  |TAMS 0x00000000ffc00000| PB 0x00000000ffc00000| Untracked |  0
|2007|0x00000000ffd00000, 0x00000000ffe00000, 0x00000000ffe00000|100%| O|  |TAMS 0x00000000ffd00000| PB 0x00000000ffd00000| Untracked |  0
|2008|0x00000000ffe00000, 0x00000000fff00000, 0x00000000fff00000|100%| O|  |TAMS 0x00000000ffe00000| PB 0x00000000ffe00000| Untracked |  0
|2009|0x00000000fff00000, 0x0000000100000000, 0x0000000100000000|100%| O|  |TAMS 0x00000000fff00000| PB 0x00000000fff00000| Untracked |  0

Card table byte_map: [0x000001b470660000,0x000001b470a50000] _byte_map_base: 0x000001b47024d000

Marking Bits: (CMBitMap*) 0x000001b45b59c840
 Bits: [0x000001b470a50000, 0x000001b4729b8000)

Polling page: 0x000001b45b600000

Metaspace:

Usage:
  Non-class:     32.37 MB used.
      Class:      3.93 MB used.
       Both:     36.31 MB used.

Virtual space:
  Non-class space:       64.00 MB reserved,      32.56 MB ( 51%) committed,  1 nodes.
      Class space:        1.00 GB reserved,       4.06 MB ( <1%) committed,  1 nodes.
             Both:        1.06 GB reserved,      36.62 MB (  3%) committed. 

Chunk freelists:
   Non-Class:  15.45 MB
       Class:  11.91 MB
        Both:  27.36 MB

MaxMetaspaceSize: unlimited
CompressedClassSpaceSize: 1.00 GB
Initial GC threshold: 21.00 MB
Current GC threshold: 59.00 MB
CDS: off
 - commit_granule_bytes: 65536.
 - commit_granule_words: 8192.
 - virtual_space_node_default_size: 8388608.
 - enlarge_chunks_in_place: 1.
 - use_allocation_guard: 0.


Internal statistics:

num_allocs_failed_limit: 6.
num_arena_births: 228.
num_arena_deaths: 0.
num_vsnodes_births: 2.
num_vsnodes_deaths: 0.
num_space_committed: 586.
num_space_uncommitted: 0.
num_chunks_returned_to_freelist: 6.
num_chunks_taken_from_freelist: 1168.
num_chunk_merges: 6.
num_chunk_splits: 815.
num_chunks_enlarged: 653.
num_inconsistent_stats: 0.

CodeHeap 'non-profiled nmethods': size=120000Kb used=2752Kb max_used=2752Kb free=117247Kb
 bounds [0x000001b4682d0000, 0x000001b468590000, 0x000001b46f800000]
CodeHeap 'profiled nmethods': size=120000Kb used=10600Kb max_used=10600Kb free=109399Kb
 bounds [0x000001b460800000, 0x000001b461260000, 0x000001b467d30000]
CodeHeap 'non-nmethods': size=5760Kb used=1472Kb max_used=1559Kb free=4287Kb
 bounds [0x000001b467d30000, 0x000001b467fa0000, 0x000001b4682d0000]
 total_blobs=5901 nmethods=5349 adapters=456
 compilation: enabled
              stopped_count=0, restarted_count=0
 full_count=0

Compilation events (20 events):
Event: 12.835 Thread 0x000001b4755880d0 5624       2       com.sun.tools.javac.comp.Annotate::blockAnnotations (11 bytes)
Event: 12.836 Thread 0x000001b4755880d0 nmethod 5624 0x000001b461253490 code [0x000001b461253620, 0x000001b461253730]
Event: 12.836 Thread 0x000001b4755880d0 5625       2       com.sun.tools.javac.comp.InferenceContext::free (9 bytes)
Event: 12.836 Thread 0x000001b4755880d0 nmethod 5625 0x000001b461253810 code [0x000001b4612539c0, 0x000001b461253b00]
Event: 12.836 Thread 0x000001b4755880d0 5627   !   3       java.lang.String::replace (258 bytes)
Event: 12.838 Thread 0x000001b4755880d0 nmethod 5627 0x000001b461253c10 code [0x000001b4612540e0, 0x000001b461256308]
Event: 12.838 Thread 0x000001b4755880d0 5628       3       com.sun.tools.javac.code.Symtab::getClass (42 bytes)
Event: 12.839 Thread 0x000001b4755880d0 nmethod 5628 0x000001b461257290 code [0x000001b461257520, 0x000001b4612582f0]
Event: 12.839 Thread 0x000001b4755880d0 5633       3       com.sun.tools.javac.file.Locations::getHandler (35 bytes)
Event: 12.839 Thread 0x000001b4755880d0 nmethod 5633 0x000001b461258790 code [0x000001b461258960, 0x000001b461258ef8]
Event: 12.839 Thread 0x000001b4755880d0 5630       2       com.sun.tools.javac.jvm.ClassReader::readAttrs (92 bytes)
Event: 12.840 Thread 0x000001b4755880d0 nmethod 5630 0x000001b461259090 code [0x000001b4612592a0, 0x000001b461259638]
Event: 12.840 Thread 0x000001b4755880d0 5631       2       java.lang.Integer::bitCount (53 bytes)
Event: 12.840 Thread 0x000001b4755880d0 nmethod 5631 0x000001b461259910 code [0x000001b461259aa0, 0x000001b461259bc8]
Event: 12.840 Thread 0x000001b4755880d0 5629       2       com.sun.tools.javac.util.Convert::shortName (23 bytes)
Event: 12.840 Thread 0x000001b4755880d0 nmethod 5629 0x000001b461259c90 code [0x000001b461259e60, 0x000001b46125a090]
Event: 12.840 Thread 0x000001b4755880d0 5632       1       com.sun.tools.javac.code.Type$MethodType::getThrownTypes (5 bytes)
Event: 12.840 Thread 0x000001b4755880d0 nmethod 5632 0x000001b46857fd10 code [0x000001b46857fea0, 0x000001b46857ff68]
Event: 12.840 Thread 0x000001b4755880d0 5634       1       com.sun.tools.javac.comp.Resolve$ResolveError::exists (2 bytes)
Event: 12.840 Thread 0x000001b4755880d0 nmethod 5634 0x000001b468580010 code [0x000001b4685801a0, 0x000001b468580268]

GC Heap History (19 events):
Event: 5.128 GC heap before
{Heap before GC invocations=0 (full 0):
 garbage-first heap   total reserved 2058240K, committed 129024K, used 23552K [0x0000000082600000, 0x0000000100000000)
  region size 1024K, 24 young (24576K), 0 survivors (0K)
 Metaspace       used 16928K, committed 17088K, reserved 1114112K
  class space    used 1676K, committed 1728K, reserved 1048576K
}
Event: 5.134 GC heap after
{Heap after GC invocations=1 (full 0):
 garbage-first heap   total reserved 2058240K, committed 129024K, used 4437K [0x0000000082600000, 0x0000000100000000)
  region size 1024K, 3 young (3072K), 3 survivors (3072K)
 Metaspace       used 16928K, committed 17088K, reserved 1114112K
  class space    used 1676K, committed 1728K, reserved 1048576K
}
Event: 6.025 GC heap before
{Heap before GC invocations=1 (full 0):
 garbage-first heap   total reserved 2058240K, committed 129024K, used 36181K [0x0000000082600000, 0x0000000100000000)
  region size 1024K, 34 young (34816K), 3 survivors (3072K)
 Metaspace       used 21360K, committed 21504K, reserved 1114112K
  class space    used 2231K, committed 2304K, reserved 1048576K
}
Event: 6.030 GC heap after
{Heap after GC invocations=2 (full 0):
 garbage-first heap   total reserved 2058240K, committed 129024K, used 6659K [0x0000000082600000, 0x0000000100000000)
  region size 1024K, 2 young (2048K), 2 survivors (2048K)
 Metaspace       used 21360K, committed 21504K, reserved 1114112K
  class space    used 2231K, committed 2304K, reserved 1048576K
}
Event: 6.032 GC heap before
{Heap before GC invocations=2 (full 0):
 garbage-first heap   total reserved 2058240K, committed 129024K, used 6659K [0x0000000082600000, 0x0000000100000000)
  region size 1024K, 3 young (3072K), 2 survivors (2048K)
 Metaspace       used 21381K, committed 21504K, reserved 1114112K
  class space    used 2234K, committed 2304K, reserved 1048576K
}
Event: 6.034 GC heap after
{Heap after GC invocations=3 (full 0):
 garbage-first heap   total reserved 2058240K, committed 129024K, used 6541K [0x0000000082600000, 0x0000000100000000)
  region size 1024K, 2 young (2048K), 2 survivors (2048K)
 Metaspace       used 21381K, committed 21504K, reserved 1114112K
  class space    used 2234K, committed 2304K, reserved 1048576K
}
Event: 6.676 GC heap before
{Heap before GC invocations=4 (full 0):
 garbage-first heap   total reserved 2058240K, committed 24576K, used 23949K [0x0000000082600000, 0x0000000100000000)
  region size 1024K, 19 young (19456K), 2 survivors (2048K)
 Metaspace       used 24917K, committed 25088K, reserved 1114112K
  class space    used 2688K, committed 2752K, reserved 1048576K
}
Event: 6.683 GC heap after
{Heap after GC invocations=5 (full 0):
 garbage-first heap   total reserved 2058240K, committed 28672K, used 8393K [0x0000000082600000, 0x0000000100000000)
  region size 1024K, 4 young (4096K), 4 survivors (4096K)
 Metaspace       used 24917K, committed 25088K, reserved 1114112K
  class space    used 2688K, committed 2752K, reserved 1048576K
}
Event: 7.118 GC heap before
{Heap before GC invocations=5 (full 0):
 garbage-first heap   total reserved 2058240K, committed 28672K, used 20681K [0x0000000082600000, 0x0000000100000000)
  region size 1024K, 16 young (16384K), 4 survivors (4096K)
 Metaspace       used 26723K, committed 27008K, reserved 1114112K
  class space    used 2889K, committed 3008K, reserved 1048576K
}
Event: 7.126 GC heap after
{Heap after GC invocations=6 (full 0):
 garbage-first heap   total reserved 2058240K, committed 28672K, used 8927K [0x0000000082600000, 0x0000000100000000)
  region size 1024K, 2 young (2048K), 2 survivors (2048K)
 Metaspace       used 26723K, committed 27008K, reserved 1114112K
  class space    used 2889K, committed 3008K, reserved 1048576K
}
Event: 7.483 GC heap before
{Heap before GC invocations=6 (full 0):
 garbage-first heap   total reserved 2058240K, committed 28672K, used 23263K [0x0000000082600000, 0x0000000100000000)
  region size 1024K, 16 young (16384K), 2 survivors (2048K)
 Metaspace       used 27070K, committed 27456K, reserved 1114112K
  class space    used 2908K, committed 3072K, reserved 1048576K
}
Event: 7.486 GC heap after
{Heap after GC invocations=7 (full 0):
 garbage-first heap   total reserved 2058240K, committed 28672K, used 10492K [0x0000000082600000, 0x0000000100000000)
  region size 1024K, 2 young (2048K), 2 survivors (2048K)
 Metaspace       used 27070K, committed 27456K, reserved 1114112K
  class space    used 2908K, committed 3072K, reserved 1048576K
}
Event: 7.667 GC heap before
{Heap before GC invocations=7 (full 0):
 garbage-first heap   total reserved 2058240K, committed 28672K, used 23804K [0x0000000082600000, 0x0000000100000000)
  region size 1024K, 15 young (15360K), 2 survivors (2048K)
 Metaspace       used 27217K, committed 27520K, reserved 1114112K
  class space    used 2910K, committed 3072K, reserved 1048576K
}
Event: 7.670 GC heap after
{Heap after GC invocations=8 (full 0):
 garbage-first heap   total reserved 2058240K, committed 78848K, used 11096K [0x0000000082600000, 0x0000000100000000)
  region size 1024K, 1 young (1024K), 1 survivors (1024K)
 Metaspace       used 27217K, committed 27520K, reserved 1114112K
  class space    used 2910K, committed 3072K, reserved 1048576K
}
Event: 9.252 GC heap before
{Heap before GC invocations=8 (full 0):
 garbage-first heap   total reserved 2058240K, committed 78848K, used 57176K [0x0000000082600000, 0x0000000100000000)
  region size 1024K, 46 young (47104K), 1 survivors (1024K)
 Metaspace       used 28534K, committed 28800K, reserved 1114112K
  class space    used 3022K, committed 3136K, reserved 1048576K
}
Event: 9.258 GC heap after
{Heap after GC invocations=9 (full 0):
 garbage-first heap   total reserved 2058240K, committed 78848K, used 13667K [0x0000000082600000, 0x0000000100000000)
  region size 1024K, 4 young (4096K), 4 survivors (4096K)
 Metaspace       used 28534K, committed 28800K, reserved 1114112K
  class space    used 3022K, committed 3136K, reserved 1048576K
}
Event: 11.774 GC heap before
{Heap before GC invocations=9 (full 0):
 garbage-first heap   total reserved 2058240K, committed 78848K, used 57699K [0x0000000082600000, 0x0000000100000000)
  region size 1024K, 46 young (47104K), 4 survivors (4096K)
 Metaspace       used 35679K, committed 35968K, reserved 1114112K
  class space    used 3882K, committed 4032K, reserved 1048576K
}
Event: 11.782 GC heap after
{Heap after GC invocations=10 (full 0):
 garbage-first heap   total reserved 2058240K, committed 78848K, used 19310K [0x0000000082600000, 0x0000000100000000)
  region size 1024K, 6 young (6144K), 6 survivors (6144K)
 Metaspace       used 35679K, committed 35968K, reserved 1114112K
  class space    used 3882K, committed 4032K, reserved 1048576K
}
Event: 12.841 GC heap before
{Heap before GC invocations=11 (full 0):
 garbage-first heap   total reserved 2058240K, committed 65536K, used 60270K [0x0000000082600000, 0x0000000100000000)
  region size 1024K, 46 young (47104K), 6 survivors (6144K)
 Metaspace       used 37179K, committed 37504K, reserved 1114112K
  class space    used 4028K, committed 4160K, reserved 1048576K
}

Dll operation events (9 events):
Event: 0.012 Loaded shared library C:\Users\aksha\.p2\pool\plugins\org.eclipse.justj.openjdk.hotspot.jre.full.win32.x86_64_22.0.1.v20240426-1149\jre\bin\java.dll
Event: 0.019 Loaded shared library C:\Users\aksha\.p2\pool\plugins\org.eclipse.justj.openjdk.hotspot.jre.full.win32.x86_64_22.0.1.v20240426-1149\jre\bin\zip.dll
Event: 0.132 Loaded shared library C:\Users\aksha\.p2\pool\plugins\org.eclipse.justj.openjdk.hotspot.jre.full.win32.x86_64_22.0.1.v20240426-1149\jre\bin\net.dll
Event: 0.134 Loaded shared library C:\Users\aksha\.p2\pool\plugins\org.eclipse.justj.openjdk.hotspot.jre.full.win32.x86_64_22.0.1.v20240426-1149\jre\bin\nio.dll
Event: 0.197 Loaded shared library C:\Users\aksha\.p2\pool\plugins\org.eclipse.justj.openjdk.hotspot.jre.full.win32.x86_64_22.0.1.v20240426-1149\jre\bin\zip.dll
Event: 3.071 Loaded shared library C:\Users\aksha\.p2\pool\plugins\org.eclipse.justj.openjdk.hotspot.jre.full.win32.x86_64_22.0.1.v20240426-1149\jre\bin\jimage.dll
Event: 3.175 Loaded shared library C:\Users\aksha\AppData\Local\Temp\jansi-2.4.1-719bc4e1e5a51283-jansi.dll
Event: 6.139 Loaded shared library C:\Users\aksha\.p2\pool\plugins\org.eclipse.justj.openjdk.hotspot.jre.full.win32.x86_64_22.0.1.v20240426-1149\jre\bin\verify.dll
Event: 6.499 Loaded shared library C:\Users\aksha\.p2\pool\plugins\org.eclipse.justj.openjdk.hotspot.jre.full.win32.x86_64_22.0.1.v20240426-1149\jre\bin\extnet.dll

Deoptimization events (20 events):
Event: 12.546 Thread 0x000001b45b213220 DEOPT PACKING pc=0x000001b468558d50 sp=0x00000031d15fce50
Event: 12.546 Thread 0x000001b45b213220 DEOPT UNPACKING pc=0x000001b467d846a2 sp=0x00000031d15fcd28 mode 2
Event: 12.664 Thread 0x000001b45b213220 DEOPT PACKING pc=0x000001b460b30aa4 sp=0x00000031d15fd580
Event: 12.664 Thread 0x000001b45b213220 DEOPT UNPACKING pc=0x000001b467d84e42 sp=0x00000031d15fca70 mode 0
Event: 12.710 Thread 0x000001b45b213220 DEOPT PACKING pc=0x000001b4611f7766 sp=0x00000031d15fd4f0
Event: 12.710 Thread 0x000001b45b213220 DEOPT UNPACKING pc=0x000001b467d84e42 sp=0x00000031d15fc9e8 mode 0
Event: 12.718 Thread 0x000001b45b213220 Uncommon trap: trap_request=0xffffff45 fr.pc=0x000001b4685635f8 relative=0x0000000000003918
Event: 12.718 Thread 0x000001b45b213220 Uncommon trap: reason=unstable_if action=reinterpret pc=0x000001b4685635f8 method=java.nio.file.FileTreeWalker.visit(Ljava/nio/file/Path;ZZ)Ljava/nio/file/FileTreeWalker$Event; @ 84 c2
Event: 12.718 Thread 0x000001b45b213220 DEOPT PACKING pc=0x000001b4685635f8 sp=0x00000031d15fd480
Event: 12.718 Thread 0x000001b45b213220 DEOPT UNPACKING pc=0x000001b467d846a2 sp=0x00000031d15fd4f0 mode 2
Event: 12.718 Thread 0x000001b45b213220 Uncommon trap: trap_request=0xffffff45 fr.pc=0x000001b46856d3ec relative=0x00000000000033ac
Event: 12.718 Thread 0x000001b45b213220 Uncommon trap: reason=unstable_if action=reinterpret pc=0x000001b46856d3ec method=java.nio.file.FileTreeWalker.visit(Ljava/nio/file/Path;ZZ)Ljava/nio/file/FileTreeWalker$Event; @ 53 c2
Event: 12.718 Thread 0x000001b45b213220 DEOPT PACKING pc=0x000001b46856d3ec sp=0x00000031d15fd4f0
Event: 12.718 Thread 0x000001b45b213220 DEOPT UNPACKING pc=0x000001b467d846a2 sp=0x00000031d15fd4c0 mode 2
Event: 12.718 Thread 0x000001b45b213220 Uncommon trap: trap_request=0xffffff45 fr.pc=0x000001b468576138 relative=0x0000000000003a38
Event: 12.718 Thread 0x000001b45b213220 Uncommon trap: reason=unstable_if action=reinterpret pc=0x000001b468576138 method=java.time.LocalDate.create(III)Ljava/time/LocalDate; @ 3 c2
Event: 12.718 Thread 0x000001b45b213220 DEOPT PACKING pc=0x000001b468576138 sp=0x00000031d15fd400
Event: 12.718 Thread 0x000001b45b213220 DEOPT UNPACKING pc=0x000001b467d846a2 sp=0x00000031d15fcee8 mode 2
Event: 12.740 Thread 0x000001b45b213220 DEOPT PACKING pc=0x000001b4611a35c6 sp=0x00000031d15fc370
Event: 12.740 Thread 0x000001b45b213220 DEOPT UNPACKING pc=0x000001b467d84e42 sp=0x00000031d15fb8f0 mode 0

Classes loaded (20 events):
Event: 12.663 Loading class java/util/stream/SpinedBuffer done
Event: 12.663 Loading class java/util/stream/Nodes$SpinedNodeBuilder done
Event: 12.664 Loading class sun/nio/fs/WindowsPath$WindowsPathWithAttributes
Event: 12.664 Loading class sun/nio/fs/WindowsPath$WindowsPathWithAttributes done
Event: 12.685 Loading class jdk/internal/jrtfs/JrtDirectoryStream
Event: 12.693 Loading class jdk/internal/jrtfs/JrtDirectoryStream done
Event: 12.694 Loading class java/util/stream/StreamSpliterators$WrappingSpliterator
Event: 12.694 Loading class java/util/stream/StreamSpliterators$AbstractWrappingSpliterator
Event: 12.694 Loading class java/util/stream/StreamSpliterators$AbstractWrappingSpliterator done
Event: 12.694 Loading class java/util/stream/StreamSpliterators$WrappingSpliterator done
Event: 12.694 Loading class jdk/internal/jrtfs/JrtDirectoryStream$1
Event: 12.694 Loading class jdk/internal/jrtfs/JrtDirectoryStream$1 done
Event: 12.694 Loading class java/util/stream/StreamSpliterators
Event: 12.694 Loading class java/util/stream/StreamSpliterators done
Event: 12.694 Loading class java/util/function/BooleanSupplier
Event: 12.695 Loading class java/util/function/BooleanSupplier done
Event: 12.695 Loading class jdk/internal/jrtfs/JrtFileAttributes
Event: 12.695 Loading class jdk/internal/jrtfs/JrtFileAttributes done
Event: 12.717 Loading class java/nio/file/FileTreeWalker$1
Event: 12.717 Loading class java/nio/file/FileTreeWalker$1 done

Classes unloaded (0 events):
No events

Classes redefined (0 events):
No events

Internal exceptions (20 events):
Event: 12.809 Thread 0x000001b45b213220 Exception <a 'sun/nio/fs/WindowsException'{0x00000000839b5498}> (0x00000000839b5498) 
thrown [s\src\hotspot\share\prims\jni.cpp, line 520]
Event: 12.809 Thread 0x000001b45b213220 Exception <a 'sun/nio/fs/WindowsException'{0x00000000839c1408}> (0x00000000839c1408) 
thrown [s\src\hotspot\share\prims\jni.cpp, line 520]
Event: 12.810 Thread 0x000001b45b213220 Exception <a 'sun/nio/fs/WindowsException'{0x00000000839e0a28}> (0x00000000839e0a28) 
thrown [s\src\hotspot\share\prims\jni.cpp, line 520]
Event: 12.810 Thread 0x000001b45b213220 Exception <a 'sun/nio/fs/WindowsException'{0x00000000839e1528}> (0x00000000839e1528) 
thrown [s\src\hotspot\share\prims\jni.cpp, line 520]
Event: 12.835 Thread 0x000001b45b213220 Exception <a 'sun/nio/fs/WindowsException'{0x00000000839f8d78}> (0x00000000839f8d78) 
thrown [s\src\hotspot\share\prims\jni.cpp, line 520]
Event: 12.836 Thread 0x000001b45b213220 Exception <a 'sun/nio/fs/WindowsException'{0x00000000839fe550}> (0x00000000839fe550) 
thrown [s\src\hotspot\share\prims\jni.cpp, line 520]
Event: 12.836 Thread 0x000001b45b213220 Exception <a 'sun/nio/fs/WindowsException'{0x0000000083808ab8}> (0x0000000083808ab8) 
thrown [s\src\hotspot\share\prims\jni.cpp, line 520]
Event: 12.836 Thread 0x000001b45b213220 Exception <a 'sun/nio/fs/WindowsException'{0x0000000083809580}> (0x0000000083809580) 
thrown [s\src\hotspot\share\prims\jni.cpp, line 520]
Event: 12.837 Thread 0x000001b45b213220 Exception <a 'sun/nio/fs/WindowsException'{0x0000000083813b20}> (0x0000000083813b20) 
thrown [s\src\hotspot\share\prims\jni.cpp, line 520]
Event: 12.838 Thread 0x000001b45b213220 Exception <a 'sun/nio/fs/WindowsException'{0x000000008381a190}> (0x000000008381a190) 
thrown [s\src\hotspot\share\prims\jni.cpp, line 520]
Event: 12.838 Thread 0x000001b45b213220 Exception <a 'sun/nio/fs/WindowsException'{0x0000000083824f78}> (0x0000000083824f78) 
thrown [s\src\hotspot\share\prims\jni.cpp, line 520]
Event: 12.838 Thread 0x000001b45b213220 Exception <a 'sun/nio/fs/WindowsException'{0x0000000083825ca8}> (0x0000000083825ca8) 
thrown [s\src\hotspot\share\prims\jni.cpp, line 520]
Event: 12.838 Thread 0x000001b45b213220 Exception <a 'sun/nio/fs/WindowsException'{0x00000000838292d0}> (0x00000000838292d0) 
thrown [s\src\hotspot\share\prims\jni.cpp, line 520]
Event: 12.839 Thread 0x000001b45b213220 Exception <a 'sun/nio/fs/WindowsException'{0x0000000083830398}> (0x0000000083830398) 
thrown [s\src\hotspot\share\prims\jni.cpp, line 520]
Event: 12.839 Thread 0x000001b45b213220 Exception <a 'sun/nio/fs/WindowsException'{0x0000000083841430}> (0x0000000083841430) 
thrown [s\src\hotspot\share\prims\jni.cpp, line 520]
Event: 12.839 Thread 0x000001b45b213220 Exception <a 'sun/nio/fs/WindowsException'{0x0000000083842180}> (0x0000000083842180) 
thrown [s\src\hotspot\share\prims\jni.cpp, line 520]
Event: 12.839 Thread 0x000001b45b213220 Exception <a 'sun/nio/fs/WindowsException'{0x00000000838459d8}> (0x00000000838459d8) 
thrown [s\src\hotspot\share\prims\jni.cpp, line 520]
Event: 12.840 Thread 0x000001b45b213220 Exception <a 'sun/nio/fs/WindowsException'{0x000000008384e608}> (0x000000008384e608) 
thrown [s\src\hotspot\share\prims\jni.cpp, line 520]
Event: 12.840 Thread 0x000001b45b213220 Exception <a 'sun/nio/fs/WindowsException'{0x0000000083863b60}> (0x0000000083863b60) 
thrown [s\src\hotspot\share\prims\jni.cpp, line 520]
Event: 12.840 Thread 0x000001b45b213220 Exception <a 'sun/nio/fs/WindowsException'{0x0000000083864640}> (0x0000000083864640) 
thrown [s\src\hotspot\share\prims\jni.cpp, line 520]

ZGC Phase Switch (0 events):
No events

VM Operations (20 events):
Event: 11.782 Executing VM operation: CollectForMetadataAllocation (Metadata GC Threshold) done
Event: 11.794 Executing VM operation: G1PauseRemark
Event: 11.801 Executing VM operation: G1PauseRemark done
Event: 11.805 Executing VM operation: G1PauseCleanup
Event: 11.805 Executing VM operation: G1PauseCleanup done
Event: 12.015 Executing VM operation: HandshakeAllThreads (Deoptimize)
Event: 12.015 Executing VM operation: HandshakeAllThreads (Deoptimize) done
Event: 12.132 Executing VM operation: HandshakeAllThreads (Deoptimize)
Event: 12.132 Executing VM operation: HandshakeAllThreads (Deoptimize) done
Event: 12.132 Executing VM operation: HandshakeAllThreads (Deoptimize)
Event: 12.132 Executing VM operation: HandshakeAllThreads (Deoptimize) done
Event: 12.237 Executing VM operation: HandshakeAllThreads (Deoptimize)
Event: 12.237 Executing VM operation: HandshakeAllThreads (Deoptimize) done
Event: 12.245 Executing VM operation: HandshakeAllThreads (Deoptimize)
Event: 12.245 Executing VM operation: HandshakeAllThreads (Deoptimize) done
Event: 12.664 Executing VM operation: HandshakeAllThreads (Deoptimize)
Event: 12.664 Executing VM operation: HandshakeAllThreads (Deoptimize) done
Event: 12.665 Executing VM operation: HandshakeAllThreads (Deoptimize)
Event: 12.665 Executing VM operation: HandshakeAllThreads (Deoptimize) done
Event: 12.841 Executing VM operation: G1CollectForAllocation (G1 Evacuation Pause)

Events (20 events):
Event: 11.801 Thread 0x000001b475513340 flushing nmethod 0x000001b460a2bf90
Event: 11.801 Thread 0x000001b475513340 flushing nmethod 0x000001b460a2c390
Event: 11.801 Thread 0x000001b475513340 flushing nmethod 0x000001b460a2ce10
Event: 11.801 Thread 0x000001b475513340 flushing nmethod 0x000001b460a62810
Event: 11.801 Thread 0x000001b475513340 flushing nmethod 0x000001b460a63690
Event: 11.801 Thread 0x000001b475513340 flushing nmethod 0x000001b460a67b10
Event: 11.801 Thread 0x000001b475513340 flushing nmethod 0x000001b460a6cc10
Event: 11.801 Thread 0x000001b475513340 flushing nmethod 0x000001b460a93810
Event: 11.801 Thread 0x000001b475513340 flushing nmethod 0x000001b460a97010
Event: 11.801 Thread 0x000001b475513340 flushing nmethod 0x000001b460a97c90
Event: 11.801 Thread 0x000001b475513340 flushing nmethod 0x000001b460a97f90
Event: 11.801 Thread 0x000001b475513340 flushing nmethod 0x000001b460a99110
Event: 11.801 Thread 0x000001b475513340 flushing nmethod 0x000001b460ab8d10
Event: 11.801 Thread 0x000001b475513340 flushing nmethod 0x000001b460abf010
Event: 11.801 Thread 0x000001b475513340 flushing nmethod 0x000001b460ae4a10
Event: 11.801 Thread 0x000001b475513340 flushing nmethod 0x000001b460ae8290
Event: 11.809 Thread 0x000001b47bb14940 Thread added: 0x000001b47bb14940
Event: 11.952 Thread 0x000001b47bb14940 Thread exited: 0x000001b47bb14940
Event: 12.148 Thread 0x000001b47bb15010 Thread added: 0x000001b47bb15010
Event: 12.345 Thread 0x000001b47bb156e0 Thread added: 0x000001b47bb156e0


Dynamic libraries:
0x00007ff6e8720000 - 0x00007ff6e872e000 	C:\Users\aksha\.p2\pool\plugins\org.eclipse.justj.openjdk.hotspot.jre.full.win32.x86_64_22.0.1.v20240426-1149\jre\bin\javaw.exe
0x00007ff99bce0000 - 0x00007ff99bf45000 	C:\WINDOWS\SYSTEM32\ntdll.dll
0x00007ff978bb0000 - 0x00007ff978bd0000 	C:\Program Files\Norton\Suite\aswhook.dll
0x00007ff99b800000 - 0x00007ff99b8c9000 	C:\WINDOWS\System32\KERNEL32.DLL
0x00007ff999240000 - 0x00007ff999628000 	C:\WINDOWS\System32\KERNELBASE.dll
0x00007ff9997e0000 - 0x00007ff99992b000 	C:\WINDOWS\System32\ucrtbase.dll
0x00007ff981e50000 - 0x00007ff981e67000 	C:\Users\aksha\.p2\pool\plugins\org.eclipse.justj.openjdk.hotspot.jre.full.win32.x86_64_22.0.1.v20240426-1149\jre\bin\jli.dll
0x00007ff97b950000 - 0x00007ff97b96b000 	C:\Users\aksha\.p2\pool\plugins\org.eclipse.justj.openjdk.hotspot.jre.full.win32.x86_64_22.0.1.v20240426-1149\jre\bin\VCRUNTIME140.dll
0x00007ff999a80000 - 0x00007ff999c4a000 	C:\WINDOWS\System32\USER32.dll
0x00007ff999630000 - 0x00007ff999657000 	C:\WINDOWS\System32\win32u.dll
0x00007ff97f780000 - 0x00007ff97fa1a000 	C:\WINDOWS\WinSxS\amd64_microsoft.windows.common-controls_6595b64144ccf1df_6.0.26100.4202_none_3e0698d4e335f517\COMCTL32.dll
0x00007ff99afd0000 - 0x00007ff99affb000 	C:\WINDOWS\System32\GDI32.dll
0x00007ff998e30000 - 0x00007ff998f67000 	C:\WINDOWS\System32\gdi32full.dll
0x00007ff99b8d0000 - 0x00007ff99b979000 	C:\WINDOWS\System32\msvcrt.dll
0x00007ff998f70000 - 0x00007ff999013000 	C:\WINDOWS\System32\msvcp_win.dll
0x00007ff99bc60000 - 0x00007ff99bc90000 	C:\WINDOWS\System32\IMM32.DLL
0x00007ff995df0000 - 0x00007ff995dfc000 	C:\Users\aksha\.p2\pool\plugins\org.eclipse.justj.openjdk.hotspot.jre.full.win32.x86_64_22.0.1.v20240426-1149\jre\bin\vcruntime140_1.dll
0x00007ff954ef0000 - 0x00007ff954f7e000 	C:\Users\aksha\.p2\pool\plugins\org.eclipse.justj.openjdk.hotspot.jre.full.win32.x86_64_22.0.1.v20240426-1149\jre\bin\msvcp140.dll
0x00007ff8f6a70000 - 0x00007ff8f7832000 	C:\Users\aksha\.p2\pool\plugins\org.eclipse.justj.openjdk.hotspot.jre.full.win32.x86_64_22.0.1.v20240426-1149\jre\bin\server\jvm.dll
0x00007ff99bba0000 - 0x00007ff99bc53000 	C:\WINDOWS\System32\ADVAPI32.dll
0x00007ff99a2a0000 - 0x00007ff99a346000 	C:\WINDOWS\System32\sechost.dll
0x00007ff99ba80000 - 0x00007ff99bb95000 	C:\WINDOWS\System32\RPCRT4.dll
0x00007ff99ba00000 - 0x00007ff99ba74000 	C:\WINDOWS\System32\WS2_32.dll
0x00007ff998ca0000 - 0x00007ff998cfe000 	C:\WINDOWS\SYSTEM32\POWRPROF.dll
0x00007ff97fc00000 - 0x00007ff97fc35000 	C:\WINDOWS\SYSTEM32\WINMM.dll
0x00007ff9922f0000 - 0x00007ff9922fb000 	C:\WINDOWS\SYSTEM32\VERSION.dll
0x00007ff998c80000 - 0x00007ff998c94000 	C:\WINDOWS\SYSTEM32\UMPDC.dll
0x00007ff997bf0000 - 0x00007ff997c0b000 	C:\WINDOWS\SYSTEM32\kernel.appcore.dll
0x00007ff993ba0000 - 0x00007ff993baa000 	C:\Users\aksha\.p2\pool\plugins\org.eclipse.justj.openjdk.hotspot.jre.full.win32.x86_64_22.0.1.v20240426-1149\jre\bin\jimage.dll
0x00007ff991890000 - 0x00007ff991ad1000 	C:\WINDOWS\SYSTEM32\DBGHELP.DLL
0x00007ff999ca0000 - 0x00007ff99a025000 	C:\WINDOWS\System32\combase.dll
0x00007ff99a030000 - 0x00007ff99a111000 	C:\WINDOWS\System32\OLEAUT32.dll
0x00007ff991850000 - 0x00007ff991889000 	C:\WINDOWS\SYSTEM32\dbgcore.DLL
0x00007ff999020000 - 0x00007ff9990b9000 	C:\WINDOWS\System32\bcryptPrimitives.dll
0x00007ff988730000 - 0x00007ff98874e000 	C:\Users\aksha\.p2\pool\plugins\org.eclipse.justj.openjdk.hotspot.jre.full.win32.x86_64_22.0.1.v20240426-1149\jre\bin\java.dll
0x00007ff99b000000 - 0x00007ff99b742000 	C:\WINDOWS\System32\SHELL32.dll
0x00007ff999660000 - 0x00007ff9997d4000 	C:\WINDOWS\System32\wintypes.dll
0x00007ff99a770000 - 0x00007ff99a90e000 	C:\WINDOWS\System32\ole32.dll
0x00007ff984ba0000 - 0x00007ff984bb7000 	C:\Users\aksha\.p2\pool\plugins\org.eclipse.justj.openjdk.hotspot.jre.full.win32.x86_64_22.0.1.v20240426-1149\jre\bin\zip.dll
0x00007ff996ad0000 - 0x00007ff997328000 	C:\WINDOWS\SYSTEM32\windows.storage.dll
0x00007ff99a3e0000 - 0x00007ff99a4d1000 	C:\WINDOWS\System32\SHCORE.dll
0x00007ff99a4e0000 - 0x00007ff99a54a000 	C:\WINDOWS\System32\shlwapi.dll
0x00007ff998d10000 - 0x00007ff998d3f000 	C:\WINDOWS\SYSTEM32\profapi.dll
0x00007ff992340000 - 0x00007ff992350000 	C:\Users\aksha\.p2\pool\plugins\org.eclipse.justj.openjdk.hotspot.jre.full.win32.x86_64_22.0.1.v20240426-1149\jre\bin\net.dll
0x00007ff998160000 - 0x00007ff9981ca000 	C:\WINDOWS\system32\mswsock.dll
0x00007ff97b670000 - 0x00007ff97b686000 	C:\Users\aksha\.p2\pool\plugins\org.eclipse.justj.openjdk.hotspot.jre.full.win32.x86_64_22.0.1.v20240426-1149\jre\bin\nio.dll
0x00007ff97b7c0000 - 0x00007ff97b7e4000 	C:\Users\aksha\AppData\Local\Temp\jansi-2.4.1-719bc4e1e5a51283-jansi.dll
0x00007ff981e40000 - 0x00007ff981e50000 	C:\Users\aksha\.p2\pool\plugins\org.eclipse.justj.openjdk.hotspot.jre.full.win32.x86_64_22.0.1.v20240426-1149\jre\bin\verify.dll
0x00007ff9975c0000 - 0x00007ff9975f3000 	C:\WINDOWS\SYSTEM32\IPHLPAPI.DLL
0x00007ff99a580000 - 0x00007ff99a58a000 	C:\WINDOWS\System32\NSI.dll
0x00007ff97b7f0000 - 0x00007ff97b7f9000 	C:\Users\aksha\.p2\pool\plugins\org.eclipse.justj.openjdk.hotspot.jre.full.win32.x86_64_22.0.1.v20240426-1149\jre\bin\extnet.dll

dbghelp: loaded successfully - version: 4.0.5 - missing functions: none
symbol engine: initialized successfully - sym options: 0x614 - pdb path: .;C:\Users\aksha\.p2\pool\plugins\org.eclipse.justj.openjdk.hotspot.jre.full.win32.x86_64_22.0.1.v20240426-1149\jre\bin;C:\WINDOWS\SYSTEM32;C:\Program Files\Norton\Suite;C:\WINDOWS\WinSxS\amd64_microsoft.windows.common-controls_6595b64144ccf1df_6.0.26100.4202_none_3e0698d4e335f517;C:\Users\aksha\.p2\pool\plugins\org.eclipse.justj.openjdk.hotspot.jre.full.win32.x86_64_22.0.1.v20240426-1149\jre\bin\server;C:\Users\aksha\AppData\Local\Temp

VM Arguments:
jvm_args: -Dmaven.home=EMBEDDED -Dclassworlds.conf=C:\Users\aksha\eclipse-workspace\.metadata\.plugins\org.eclipse.m2e.launching\launches\m2conf6155228896864555501.tmp -Dmaven.multiModuleProjectDirectory=C:\Users\aksha\Downloads\inventory-api-complete-backend\inventory-api -Dm2e.build.project.data.socket.port=3958 -Dfile.encoding=UTF-8 -Dstdout.encoding=UTF-8 -Dstderr.encoding=UTF-8 -XX:+ShowCodeDetailsInExceptionMessages 
java_command: org.codehaus.plexus.classworlds.launcher.Launcher -B -Dstyle.color=always install
java_class_path (initial): C:\Users\aksha\.p2\pool\plugins\org.eclipse.m2e.maven.runtime_3.9.700.20240602-2313\jars\plexus-classworlds-2.8.0.jar
Launcher Type: SUN_STANDARD

[Global flags]
     intx CICompilerCount                          = 4                                         {product} {ergonomic}
     uint ConcGCThreads                            = 2                                         {product} {ergonomic}
     uint G1ConcRefinementThreads                  = 8                                         {product} {ergonomic}
   size_t G1HeapRegionSize                         = 1048576                                   {product} {ergonomic}
   size_t InitialHeapSize                          = 132120576                                 {product} {ergonomic}
   size_t MarkStackSize                            = 4194304                                   {product} {ergonomic}
   size_t MaxHeapSize                              = 2107637760                                {product} {ergonomic}
   size_t MaxNewSize                               = 1264582656                                {product} {ergonomic}
   size_t MinHeapDeltaBytes                        = 1048576                                   {product} {ergonomic}
   size_t MinHeapSize                              = 8388608                                   {product} {ergonomic}
    uintx NonNMethodCodeHeapSize                   = 5839372                                {pd product} {ergonomic}
    uintx NonProfiledCodeHeapSize                  = 122909434                              {pd product} {ergonomic}
    uintx ProfiledCodeHeapSize                     = 122909434                              {pd product} {ergonomic}
    uintx ReservedCodeCacheSize                    = 251658240                              {pd product} {ergonomic}
     bool SegmentedCodeCache                       = true                                      {product} {ergonomic}
     bool ShowCodeDetailsInExceptionMessages       = true                                   {manageable} {command line}
   size_t SoftMaxHeapSize                          = 2107637760                             {manageable} {ergonomic}
     bool UseCompressedOops                        = true                           {product lp64_product} {ergonomic}
     bool UseG1GC                                  = true                                      {product} {ergonomic}
     bool UseLargePagesIndividualAllocation        = false                                  {pd product} {ergonomic}

Logging:
Log output configuration:
 #0: stdout all=warning uptime,level,tags foldmultilines=false
 #1: stderr all=off uptime,level,tags foldmultilines=false

Environment Variables:
PATH=C:/Users/aksha/.p2/pool/plugins/org.eclipse.justj.openjdk.hotspot.jre.full.win32.x86_64_22.0.1.v20240426-1149/jre/bin/server;C:/Users/aksha/.p2/pool/plugins/org.eclipse.justj.openjdk.hotspot.jre.full.win32.x86_64_22.0.1.v20240426-1149/jre/bin;C:\app\aksha\product\21c\dbhomeXE\bin;C:\Program Files\Common Files\Oracle\Java\javapath;C:\Program Files (x86)\Intel\Intel(R) Management Engine Components\iCLS\;C:\Program Files\Intel\Intel(R) Management Engine Components\iCLS\;C:\Windows\system32;C:\Windows;C:\Windows\System32\Wbem;C:\Windows\System32\WindowsPowerShell\v1.0\;C:\Program Files (x86)\Intel\Intel(R) Management Engine Components\DAL;C:\Program Files\Intel\Intel(R) Management Engine Components\DAL;C:\Program Files (x86)\Intel\Intel(R) Management Engine Components\IPT;C:\Program Files\Intel\Intel(R) Management Engine Components\IPT;C:\Program Files (x86)\NVIDIA Corporation\PhysX\Common;C:\Program Files\Intel\WiFi\bin\;C:\Program Files\Common Files\Intel\WirelessCommon\;C:\WINDOWS\system32;C:\WINDOWS;C:\WINDOWS\System32\Wbem;C:\WINDOWS\System32\WindowsPowerShell\v1.0\;C:\WINDOWS\System32\OpenSSH\;C:\Program Files\Java\jdk-20\bin;C:\Program Files\MySQL\MySQL Server 8.0\bin;C:\Program Files\nodejs\;C:\Program Files\MongoDB\Server\8.0\bin;C:\Program Files\Git\cmd;C:\Users\aksha\AppData\Local\Programs\Python\Python313\Scripts\;C:\Users\aksha\AppData\Local\Programs\Python\Python313\;C:\Users\aksha\AppData\Local\Programs\Python\Launcher\;C:\Program Files\MySQL\MySQL Shell 8.0\bin\;C:\Users\aksha\AppData\Local\Microsoft\WindowsApps;C:\Program Files\JetBrains\IntelliJ IDEA Community Edition 2024.1.4\bin;;C:\Users\aksha\AppData\Roaming\npm;C:\Users\aksha\AppData\Local\Programs\mongosh\;C:\Users\aksha\AppData\Local\GitHubDesktop\bin;C:\Users\aksha\AppData\Local\Programs\cursor\resources\app\bin;C:\Users\aksha\AppData\Local\Programs\Microsoft VS Code\bin;C:\Users\aksha\OneDrive\Desktop;
USERNAME=aksha
OS=Windows_NT
PROCESSOR_IDENTIFIER=Intel64 Family 6 Model 158 Stepping 10, GenuineIntel
TMP=C:\Users\aksha\AppData\Local\Temp
TEMP=C:\Users\aksha\AppData\Local\Temp




Periodic native trim disabled

---------------  S Y S T E M  ---------------

OS:
 Windows 11 , 64 bit Build 26100 (10.0.26100.4202)
OS uptime: 0 days 4:01 hours

CPU: total 8 (initial active 8) (4 cores per cpu, 2 threads per core) family 6 model 158 stepping 10 microcode 0xde, cx8, cmov, fxsr, ht, mmx, 3dnowpref, sse, sse2, sse3, ssse3, sse4.1, sse4.2, popcnt, lzcnt, tsc, tscinvbit, avx, avx2, aes, erms, clmul, bmi1, bmi2, adx, fma, vzeroupper, clflush, clflushopt, rdtscp, f16c
Processor Information for all 8 processors :
  Max Mhz: 2304, Current Mhz: 2304, Mhz Limit: 2304

Memory: 4k page, system-wide physical 8034M (961M free)
TotalPageFile size 10082M (AvailPageFile size 15M)
current process WorkingSet (physical memory assigned to process): 207M, peak: 218M
current process commit charge ("private bytes"): 235M, peak: 247M

vm_info: OpenJDK 64-Bit Server VM (22.0.1+8) for windows-amd64 JRE (22.0.1+8), built on 2024-04-16T00:00:00Z by "admin" with MS VC++ 17.7 (VS2022)

END.
